mkdir -p build/genhdr
python3 ../../lib/micropython/py/makeversionhdr.py build/genhdr/mpversion.h
GEN build/genhdr/qstr.i.last
python3 ../../lib/micropython/py/makeqstrdefs.py pp arm-none-eabi-gcc -E output build/genhdr/qstr.i.last cflags -I. -I../../lib/micropython -Ibuild -Wall -Werror -std=c99 -mthumb -mcpu=cortex-m3  -flto -g   -Os -DNDEBUG -fdata-sections -ffunction-sections -DMICROPY_ROM_TEXT_COMPRESSION=1 -DNO_QSTR cxxflags -DNO_QSTR sources ../../lib/micropython/py/mpstate.c ../../lib/micropython/py/malloc.c ../../lib/micropython/py/gc.c ../../lib/micropython/py/pystack.c ../../lib/micropython/py/qstr.c ../../lib/micropython/py/vstr.c ../../lib/micropython/py/mpprint.c ../../lib/micropython/py/unicode.c ../../lib/micropython/py/mpz.c ../../lib/micropython/py/reader.c ../../lib/micropython/py/lexer.c ../../lib/micropython/py/parse.c ../../lib/micropython/py/scope.c ../../lib/micropython/py/compile.c ../../lib/micropython/py/emitcommon.c ../../lib/micropython/py/emitbc.c ../../lib/micropython/py/asmbase.c ../../lib/micropython/py/asmx64.c ../../lib/micropython/py/emitnx64.c ../../lib/micropython/py/asmx86.c ../../lib/micropython/py/emitnx86.c ../../lib/micropython/py/asmthumb.c ../../lib/micropython/py/emitnthumb.c ../../lib/micropython/py/emitinlinethumb.c ../../lib/micropython/py/asmarm.c ../../lib/micropython/py/emitnarm.c ../../lib/micropython/py/asmxtensa.c ../../lib/micropython/py/emitnxtensa.c ../../lib/micropython/py/emitinlinextensa.c ../../lib/micropython/py/emitnxtensawin.c ../../lib/micropython/py/asmrv32.c ../../lib/micropython/py/emitnrv32.c ../../lib/micropython/py/emitinlinerv32.c ../../lib/micropython/py/emitndebug.c ../../lib/micropython/py/formatfloat.c ../../lib/micropython/py/parsenumbase.c ../../lib/micropython/py/parsenum.c ../../lib/micropython/py/emitglue.c ../../lib/micropython/py/persistentcode.c ../../lib/micropython/py/runtime.c ../../lib/micropython/py/runtime_utils.c ../../lib/micropython/py/scheduler.c ../../lib/micropython/py/nativeglue.c ../../lib/micropython/py/pairheap.c ../../lib/micropython/py/ringbuf.c ../../lib/micropython/py/cstack.c ../../lib/micropython/py/stackctrl.c ../../lib/micropython/py/argcheck.c ../../lib/micropython/py/warning.c ../../lib/micropython/py/profile.c ../../lib/micropython/py/map.c ../../lib/micropython/py/obj.c ../../lib/micropython/py/objarray.c ../../lib/micropython/py/objattrtuple.c ../../lib/micropython/py/objbool.c ../../lib/micropython/py/objboundmeth.c ../../lib/micropython/py/objcell.c ../../lib/micropython/py/objclosure.c ../../lib/micropython/py/objcode.c ../../lib/micropython/py/objcomplex.c ../../lib/micropython/py/objdeque.c ../../lib/micropython/py/objdict.c ../../lib/micropython/py/objenumerate.c ../../lib/micropython/py/objexcept.c ../../lib/micropython/py/objfilter.c ../../lib/micropython/py/objfloat.c ../../lib/micropython/py/objfun.c ../../lib/micropython/py/objgenerator.c ../../lib/micropython/py/objgetitemiter.c ../../lib/micropython/py/objint.c ../../lib/micropython/py/objint_longlong.c ../../lib/micropython/py/objint_mpz.c ../../lib/micropython/py/objlist.c ../../lib/micropython/py/objmap.c ../../lib/micropython/py/objmodule.c ../../lib/micropython/py/objobject.c ../../lib/micropython/py/objpolyiter.c ../../lib/micropython/py/objproperty.c ../../lib/micropython/py/objnone.c ../../lib/micropython/py/objnamedtuple.c ../../lib/micropython/py/objrange.c ../../lib/micropython/py/objreversed.c ../../lib/micropython/py/objringio.c ../../lib/micropython/py/objset.c ../../lib/micropython/py/objsingleton.c ../../lib/micropython/py/objslice.c ../../lib/micropython/py/objstr.c ../../lib/micropython/py/objstrunicode.c ../../lib/micropython/py/objstringio.c ../../lib/micropython/py/objtuple.c ../../lib/micropython/py/objtype.c ../../lib/micropython/py/objzip.c ../../lib/micropython/py/opmethods.c ../../lib/micropython/py/sequence.c ../../lib/micropython/py/stream.c ../../lib/micropython/py/binary.c ../../lib/micropython/py/builtinimport.c ../../lib/micropython/py/builtinevex.c ../../lib/micropython/py/builtinhelp.c ../../lib/micropython/py/modarray.c ../../lib/micropython/py/modbuiltins.c ../../lib/micropython/py/modcollections.c ../../lib/micropython/py/modgc.c ../../lib/micropython/py/modio.c ../../lib/micropython/py/modmath.c ../../lib/micropython/py/modcmath.c ../../lib/micropython/py/modmicropython.c ../../lib/micropython/py/modstruct.c ../../lib/micropython/py/modsys.c ../../lib/micropython/py/moderrno.c ../../lib/micropython/py/modthread.c ../../lib/micropython/py/vm.c ../../lib/micropython/py/bc.c ../../lib/micropython/py/showbc.c ../../lib/micropython/py/repl.c ../../lib/micropython/py/smallint.c ../../lib/micropython/py/frozenmod.c ../../lib/micropython/shared/readline/readline.c ../../lib/micropython/shared/runtime/pyexec.c ../../lib/micropython/py/mpconfig.h mpconfigport.h dependencies ../../lib/micropython/py/mpconfig.h mpconfigport.h changed_sources ../../lib/micropython/py/mpstate.c ../../lib/micropython/py/malloc.c ../../lib/micropython/py/gc.c ../../lib/micropython/py/pystack.c ../../lib/micropython/py/qstr.c ../../lib/micropython/py/vstr.c ../../lib/micropython/py/mpprint.c ../../lib/micropython/py/unicode.c ../../lib/micropython/py/mpz.c ../../lib/micropython/py/reader.c ../../lib/micropython/py/lexer.c ../../lib/micropython/py/parse.c ../../lib/micropython/py/scope.c ../../lib/micropython/py/compile.c ../../lib/micropython/py/emitcommon.c ../../lib/micropython/py/emitbc.c ../../lib/micropython/py/asmbase.c ../../lib/micropython/py/asmx64.c ../../lib/micropython/py/emitnx64.c ../../lib/micropython/py/asmx86.c ../../lib/micropython/py/emitnx86.c ../../lib/micropython/py/asmthumb.c ../../lib/micropython/py/emitnthumb.c ../../lib/micropython/py/emitinlinethumb.c ../../lib/micropython/py/asmarm.c ../../lib/micropython/py/emitnarm.c ../../lib/micropython/py/asmxtensa.c ../../lib/micropython/py/emitnxtensa.c ../../lib/micropython/py/emitinlinextensa.c ../../lib/micropython/py/emitnxtensawin.c ../../lib/micropython/py/asmrv32.c ../../lib/micropython/py/emitnrv32.c ../../lib/micropython/py/emitinlinerv32.c ../../lib/micropython/py/emitndebug.c ../../lib/micropython/py/formatfloat.c ../../lib/micropython/py/parsenumbase.c ../../lib/micropython/py/parsenum.c ../../lib/micropython/py/emitglue.c ../../lib/micropython/py/persistentcode.c ../../lib/micropython/py/runtime.c ../../lib/micropython/py/runtime_utils.c ../../lib/micropython/py/scheduler.c ../../lib/micropython/py/nativeglue.c ../../lib/micropython/py/pairheap.c ../../lib/micropython/py/ringbuf.c ../../lib/micropython/py/cstack.c ../../lib/micropython/py/stackctrl.c ../../lib/micropython/py/argcheck.c ../../lib/micropython/py/warning.c ../../lib/micropython/py/profile.c ../../lib/micropython/py/map.c ../../lib/micropython/py/obj.c ../../lib/micropython/py/objarray.c ../../lib/micropython/py/objattrtuple.c ../../lib/micropython/py/objbool.c ../../lib/micropython/py/objboundmeth.c ../../lib/micropython/py/objcell.c ../../lib/micropython/py/objclosure.c ../../lib/micropython/py/objcode.c ../../lib/micropython/py/objcomplex.c ../../lib/micropython/py/objdeque.c ../../lib/micropython/py/objdict.c ../../lib/micropython/py/objenumerate.c ../../lib/micropython/py/objexcept.c ../../lib/micropython/py/objfilter.c ../../lib/micropython/py/objfloat.c ../../lib/micropython/py/objfun.c ../../lib/micropython/py/objgenerator.c ../../lib/micropython/py/objgetitemiter.c ../../lib/micropython/py/objint.c ../../lib/micropython/py/objint_longlong.c ../../lib/micropython/py/objint_mpz.c ../../lib/micropython/py/objlist.c ../../lib/micropython/py/objmap.c ../../lib/micropython/py/objmodule.c ../../lib/micropython/py/objobject.c ../../lib/micropython/py/objpolyiter.c ../../lib/micropython/py/objproperty.c ../../lib/micropython/py/objnone.c ../../lib/micropython/py/objnamedtuple.c ../../lib/micropython/py/objrange.c ../../lib/micropython/py/objreversed.c ../../lib/micropython/py/objringio.c ../../lib/micropython/py/objset.c ../../lib/micropython/py/objsingleton.c ../../lib/micropython/py/objslice.c ../../lib/micropython/py/objstr.c ../../lib/micropython/py/objstrunicode.c ../../lib/micropython/py/objstringio.c ../../lib/micropython/py/objtuple.c ../../lib/micropython/py/objtype.c ../../lib/micropython/py/objzip.c ../../lib/micropython/py/opmethods.c ../../lib/micropython/py/sequence.c ../../lib/micropython/py/stream.c ../../lib/micropython/py/binary.c ../../lib/micropython/py/builtinimport.c ../../lib/micropython/py/builtinevex.c ../../lib/micropython/py/builtinhelp.c ../../lib/micropython/py/modarray.c ../../lib/micropython/py/modbuiltins.c ../../lib/micropython/py/modcollections.c ../../lib/micropython/py/modgc.c ../../lib/micropython/py/modio.c ../../lib/micropython/py/modmath.c ../../lib/micropython/py/modcmath.c ../../lib/micropython/py/modmicropython.c ../../lib/micropython/py/modstruct.c ../../lib/micropython/py/modsys.c ../../lib/micropython/py/moderrno.c ../../lib/micropython/py/modthread.c ../../lib/micropython/py/vm.c ../../lib/micropython/py/bc.c ../../lib/micropython/py/showbc.c ../../lib/micropython/py/repl.c ../../lib/micropython/py/smallint.c ../../lib/micropython/py/frozenmod.c ../../lib/micropython/shared/readline/readline.c ../../lib/micropython/shared/runtime/pyexec.c ../../lib/micropython/py/mpconfig.h mpconfigport.h
GEN build/genhdr/qstr.split
python3 ../../lib/micropython/py/makeqstrdefs.py split qstr build/genhdr/qstr.i.last build/genhdr/qstr _
touch build/genhdr/qstr.split
GEN build/genhdr/qstrdefs.collected.h
python3 ../../lib/micropython/py/makeqstrdefs.py cat qstr _ build/genhdr/qstr build/genhdr/qstrdefs.collected.h
QSTR not updated
GEN build/genhdr/qstrdefs.generated.h
cat ../../lib/micropython/py/qstrdefs.h qstrdefsport.h build/genhdr/qstrdefs.collected.h | sed 's/^Q(.*)/"&"/' | arm-none-eabi-gcc -E -I. -I../../lib/micropython -Ibuild -Wall -Werror -std=c99 -mthumb -mcpu=cortex-m3  -flto -g   -Os -DNDEBUG -fdata-sections -ffunction-sections -DMICROPY_ROM_TEXT_COMPRESSION=1 - | sed 's/^\"\(Q(.*)\)\"/\1/' > build/genhdr/qstrdefs.preprocessed.h
python3 ../../lib/micropython/py/makeqstrdata.py build/genhdr/qstrdefs.preprocessed.h > build/genhdr/qstrdefs.generated.h
GEN build/genhdr/moduledefs.split
python3 ../../lib/micropython/py/makeqstrdefs.py split module build/genhdr/qstr.i.last build/genhdr/module _
touch build/genhdr/moduledefs.split
GEN build/genhdr/moduledefs.collected
python3 ../../lib/micropython/py/makeqstrdefs.py cat module _ build/genhdr/module build/genhdr/moduledefs.collected
Module registrations not updated
GEN build/genhdr/moduledefs.h
python3 ../../lib/micropython/py/makemoduledefs.py build/genhdr/moduledefs.collected > build/genhdr/moduledefs.h
GEN build/genhdr/root_pointers.split
python3 ../../lib/micropython/py/makeqstrdefs.py split root_pointer build/genhdr/qstr.i.last build/genhdr/root_pointer _
touch build/genhdr/root_pointers.split
GEN build/genhdr/root_pointers.collected
python3 ../../lib/micropython/py/makeqstrdefs.py cat root_pointer _ build/genhdr/root_pointer build/genhdr/root_pointers.collected
Root pointer registrations not updated
GEN build/genhdr/root_pointers.h
python3 ../../lib/micropython/py/make_root_pointers.py build/genhdr/root_pointers.collected > build/genhdr/root_pointers.h
GEN build/genhdr/compressed.split
python3 ../../lib/micropython/py/makeqstrdefs.py split compress build/genhdr/qstr.i.last build/genhdr/compress _
touch build/genhdr/compressed.split
GEN build/genhdr/compressed.collected
python3 ../../lib/micropython/py/makeqstrdefs.py cat compress _ build/genhdr/compress build/genhdr/compressed.collected
Compressed data not updated
GEN build/genhdr/compressed.data.h
python3 ../../lib/micropython/py/makecompresseddata.py build/genhdr/compressed.collected > build/genhdr/compressed.data.h
mkdir -p build/
mkdir -p build/py/
mkdir -p build/shared/libc/
mkdir -p build/shared/readline/
mkdir -p build/shared/runtime/
CC ../../lib/micropython/py/mpstate.c
arm-none-eabi-gcc -I. -I../../lib/micropython -Ibuild -Wall -Werror -std=c99 -mthumb -mcpu=cortex-m3  -flto -g   -Os -DNDEBUG -fdata-sections -ffunction-sections -DMICROPY_ROM_TEXT_COMPRESSION=1 -c -MD -MF build/py/mpstate.d -o build/py/mpstate.o ../../lib/micropython/py/mpstate.c || (echo -e "See \033[1;31mhttps://github.com/micropython/micropython/wiki/Build-Troubleshooting\033[0m"; false)
CC ../../lib/micropython/py/nlr.c
arm-none-eabi-gcc -I. -I../../lib/micropython -Ibuild -Wall -Werror -std=c99 -mthumb -mcpu=cortex-m3  -flto -g   -Os -DNDEBUG -fdata-sections -ffunction-sections -DMICROPY_ROM_TEXT_COMPRESSION=1 -c -MD -MF build/py/nlr.d -o build/py/nlr.o ../../lib/micropython/py/nlr.c || (echo -e "See \033[1;31mhttps://github.com/micropython/micropython/wiki/Build-Troubleshooting\033[0m"; false)
CC ../../lib/micropython/py/nlrx86.c
arm-none-eabi-gcc -I. -I../../lib/micropython -Ibuild -Wall -Werror -std=c99 -mthumb -mcpu=cortex-m3  -flto -g   -Os -DNDEBUG -fdata-sections -ffunction-sections -DMICROPY_ROM_TEXT_COMPRESSION=1 -Os -c -MD -MF build/py/nlrx86.d -o build/py/nlrx86.o ../../lib/micropython/py/nlrx86.c || (echo -e "See \033[1;31mhttps://github.com/micropython/micropython/wiki/Build-Troubleshooting\033[0m"; false)
CC ../../lib/micropython/py/nlrx64.c
arm-none-eabi-gcc -I. -I../../lib/micropython -Ibuild -Wall -Werror -std=c99 -mthumb -mcpu=cortex-m3  -flto -g   -Os -DNDEBUG -fdata-sections -ffunction-sections -DMICROPY_ROM_TEXT_COMPRESSION=1 -Os -c -MD -MF build/py/nlrx64.d -o build/py/nlrx64.o ../../lib/micropython/py/nlrx64.c || (echo -e "See \033[1;31mhttps://github.com/micropython/micropython/wiki/Build-Troubleshooting\033[0m"; false)
CC ../../lib/micropython/py/nlrthumb.c
arm-none-eabi-gcc -I. -I../../lib/micropython -Ibuild -Wall -Werror -std=c99 -mthumb -mcpu=cortex-m3  -flto -g   -Os -DNDEBUG -fdata-sections -ffunction-sections -DMICROPY_ROM_TEXT_COMPRESSION=1 -Os -c -MD -MF build/py/nlrthumb.d -o build/py/nlrthumb.o ../../lib/micropython/py/nlrthumb.c || (echo -e "See \033[1;31mhttps://github.com/micropython/micropython/wiki/Build-Troubleshooting\033[0m"; false)
CC ../../lib/micropython/py/nlraarch64.c
arm-none-eabi-gcc -I. -I../../lib/micropython -Ibuild -Wall -Werror -std=c99 -mthumb -mcpu=cortex-m3  -flto -g   -Os -DNDEBUG -fdata-sections -ffunction-sections -DMICROPY_ROM_TEXT_COMPRESSION=1 -Os -c -MD -MF build/py/nlraarch64.d -o build/py/nlraarch64.o ../../lib/micropython/py/nlraarch64.c || (echo -e "See \033[1;31mhttps://github.com/micropython/micropython/wiki/Build-Troubleshooting\033[0m"; false)
CC ../../lib/micropython/py/nlrmips.c
arm-none-eabi-gcc -I. -I../../lib/micropython -Ibuild -Wall -Werror -std=c99 -mthumb -mcpu=cortex-m3  -flto -g   -Os -DNDEBUG -fdata-sections -ffunction-sections -DMICROPY_ROM_TEXT_COMPRESSION=1 -Os -c -MD -MF build/py/nlrmips.d -o build/py/nlrmips.o ../../lib/micropython/py/nlrmips.c || (echo -e "See \033[1;31mhttps://github.com/micropython/micropython/wiki/Build-Troubleshooting\033[0m"; false)
CC ../../lib/micropython/py/nlrpowerpc.c
arm-none-eabi-gcc -I. -I../../lib/micropython -Ibuild -Wall -Werror -std=c99 -mthumb -mcpu=cortex-m3  -flto -g   -Os -DNDEBUG -fdata-sections -ffunction-sections -DMICROPY_ROM_TEXT_COMPRESSION=1 -Os -c -MD -MF build/py/nlrpowerpc.d -o build/py/nlrpowerpc.o ../../lib/micropython/py/nlrpowerpc.c || (echo -e "See \033[1;31mhttps://github.com/micropython/micropython/wiki/Build-Troubleshooting\033[0m"; false)
CC ../../lib/micropython/py/nlrxtensa.c
arm-none-eabi-gcc -I. -I../../lib/micropython -Ibuild -Wall -Werror -std=c99 -mthumb -mcpu=cortex-m3  -flto -g   -Os -DNDEBUG -fdata-sections -ffunction-sections -DMICROPY_ROM_TEXT_COMPRESSION=1 -Os -c -MD -MF build/py/nlrxtensa.d -o build/py/nlrxtensa.o ../../lib/micropython/py/nlrxtensa.c || (echo -e "See \033[1;31mhttps://github.com/micropython/micropython/wiki/Build-Troubleshooting\033[0m"; false)
CC ../../lib/micropython/py/nlrrv32.c
arm-none-eabi-gcc -I. -I../../lib/micropython -Ibuild -Wall -Werror -std=c99 -mthumb -mcpu=cortex-m3  -flto -g   -Os -DNDEBUG -fdata-sections -ffunction-sections -DMICROPY_ROM_TEXT_COMPRESSION=1 -Os -c -MD -MF build/py/nlrrv32.d -o build/py/nlrrv32.o ../../lib/micropython/py/nlrrv32.c || (echo -e "See \033[1;31mhttps://github.com/micropython/micropython/wiki/Build-Troubleshooting\033[0m"; false)
CC ../../lib/micropython/py/nlrrv64.c
arm-none-eabi-gcc -I. -I../../lib/micropython -Ibuild -Wall -Werror -std=c99 -mthumb -mcpu=cortex-m3  -flto -g   -Os -DNDEBUG -fdata-sections -ffunction-sections -DMICROPY_ROM_TEXT_COMPRESSION=1 -Os -c -MD -MF build/py/nlrrv64.d -o build/py/nlrrv64.o ../../lib/micropython/py/nlrrv64.c || (echo -e "See \033[1;31mhttps://github.com/micropython/micropython/wiki/Build-Troubleshooting\033[0m"; false)
CC ../../lib/micropython/py/nlrsetjmp.c
arm-none-eabi-gcc -I. -I../../lib/micropython -Ibuild -Wall -Werror -std=c99 -mthumb -mcpu=cortex-m3  -flto -g   -Os -DNDEBUG -fdata-sections -ffunction-sections -DMICROPY_ROM_TEXT_COMPRESSION=1 -Os -c -MD -MF build/py/nlrsetjmp.d -o build/py/nlrsetjmp.o ../../lib/micropython/py/nlrsetjmp.c || (echo -e "See \033[1;31mhttps://github.com/micropython/micropython/wiki/Build-Troubleshooting\033[0m"; false)
CC ../../lib/micropython/py/malloc.c
arm-none-eabi-gcc -I. -I../../lib/micropython -Ibuild -Wall -Werror -std=c99 -mthumb -mcpu=cortex-m3  -flto -g   -Os -DNDEBUG -fdata-sections -ffunction-sections -DMICROPY_ROM_TEXT_COMPRESSION=1 -c -MD -MF build/py/malloc.d -o build/py/malloc.o ../../lib/micropython/py/malloc.c || (echo -e "See \033[1;31mhttps://github.com/micropython/micropython/wiki/Build-Troubleshooting\033[0m"; false)
CC ../../lib/micropython/py/gc.c
arm-none-eabi-gcc -I. -I../../lib/micropython -Ibuild -Wall -Werror -std=c99 -mthumb -mcpu=cortex-m3  -flto -g   -Os -DNDEBUG -fdata-sections -ffunction-sections -DMICROPY_ROM_TEXT_COMPRESSION=1 -O3 -c -MD -MF build/py/gc.d -o build/py/gc.o ../../lib/micropython/py/gc.c || (echo -e "See \033[1;31mhttps://github.com/micropython/micropython/wiki/Build-Troubleshooting\033[0m"; false)
CC ../../lib/micropython/py/pystack.c
arm-none-eabi-gcc -I. -I../../lib/micropython -Ibuild -Wall -Werror -std=c99 -mthumb -mcpu=cortex-m3  -flto -g   -Os -DNDEBUG -fdata-sections -ffunction-sections -DMICROPY_ROM_TEXT_COMPRESSION=1 -c -MD -MF build/py/pystack.d -o build/py/pystack.o ../../lib/micropython/py/pystack.c || (echo -e "See \033[1;31mhttps://github.com/micropython/micropython/wiki/Build-Troubleshooting\033[0m"; false)
CC ../../lib/micropython/py/qstr.c
arm-none-eabi-gcc -I. -I../../lib/micropython -Ibuild -Wall -Werror -std=c99 -mthumb -mcpu=cortex-m3  -flto -g   -Os -DNDEBUG -fdata-sections -ffunction-sections -DMICROPY_ROM_TEXT_COMPRESSION=1 -c -MD -MF build/py/qstr.d -o build/py/qstr.o ../../lib/micropython/py/qstr.c || (echo -e "See \033[1;31mhttps://github.com/micropython/micropython/wiki/Build-Troubleshooting\033[0m"; false)
CC ../../lib/micropython/py/vstr.c
arm-none-eabi-gcc -I. -I../../lib/micropython -Ibuild -Wall -Werror -std=c99 -mthumb -mcpu=cortex-m3  -flto -g   -Os -DNDEBUG -fdata-sections -ffunction-sections -DMICROPY_ROM_TEXT_COMPRESSION=1 -c -MD -MF build/py/vstr.d -o build/py/vstr.o ../../lib/micropython/py/vstr.c || (echo -e "See \033[1;31mhttps://github.com/micropython/micropython/wiki/Build-Troubleshooting\033[0m"; false)
CC ../../lib/micropython/py/mpprint.c
arm-none-eabi-gcc -I. -I../../lib/micropython -Ibuild -Wall -Werror -std=c99 -mthumb -mcpu=cortex-m3  -flto -g   -Os -DNDEBUG -fdata-sections -ffunction-sections -DMICROPY_ROM_TEXT_COMPRESSION=1 -c -MD -MF build/py/mpprint.d -o build/py/mpprint.o ../../lib/micropython/py/mpprint.c || (echo -e "See \033[1;31mhttps://github.com/micropython/micropython/wiki/Build-Troubleshooting\033[0m"; false)
CC ../../lib/micropython/py/unicode.c
arm-none-eabi-gcc -I. -I../../lib/micropython -Ibuild -Wall -Werror -std=c99 -mthumb -mcpu=cortex-m3  -flto -g   -Os -DNDEBUG -fdata-sections -ffunction-sections -DMICROPY_ROM_TEXT_COMPRESSION=1 -c -MD -MF build/py/unicode.d -o build/py/unicode.o ../../lib/micropython/py/unicode.c || (echo -e "See \033[1;31mhttps://github.com/micropython/micropython/wiki/Build-Troubleshooting\033[0m"; false)
CC ../../lib/micropython/py/mpz.c
arm-none-eabi-gcc -I. -I../../lib/micropython -Ibuild -Wall -Werror -std=c99 -mthumb -mcpu=cortex-m3  -flto -g   -Os -DNDEBUG -fdata-sections -ffunction-sections -DMICROPY_ROM_TEXT_COMPRESSION=1 -c -MD -MF build/py/mpz.d -o build/py/mpz.o ../../lib/micropython/py/mpz.c || (echo -e "See \033[1;31mhttps://github.com/micropython/micropython/wiki/Build-Troubleshooting\033[0m"; false)
CC ../../lib/micropython/py/reader.c
arm-none-eabi-gcc -I. -I../../lib/micropython -Ibuild -Wall -Werror -std=c99 -mthumb -mcpu=cortex-m3  -flto -g   -Os -DNDEBUG -fdata-sections -ffunction-sections -DMICROPY_ROM_TEXT_COMPRESSION=1 -c -MD -MF build/py/reader.d -o build/py/reader.o ../../lib/micropython/py/reader.c || (echo -e "See \033[1;31mhttps://github.com/micropython/micropython/wiki/Build-Troubleshooting\033[0m"; false)
CC ../../lib/micropython/py/lexer.c
arm-none-eabi-gcc -I. -I../../lib/micropython -Ibuild -Wall -Werror -std=c99 -mthumb -mcpu=cortex-m3  -flto -g   -Os -DNDEBUG -fdata-sections -ffunction-sections -DMICROPY_ROM_TEXT_COMPRESSION=1 -c -MD -MF build/py/lexer.d -o build/py/lexer.o ../../lib/micropython/py/lexer.c || (echo -e "See \033[1;31mhttps://github.com/micropython/micropython/wiki/Build-Troubleshooting\033[0m"; false)
CC ../../lib/micropython/py/parse.c
arm-none-eabi-gcc -I. -I../../lib/micropython -Ibuild -Wall -Werror -std=c99 -mthumb -mcpu=cortex-m3  -flto -g   -Os -DNDEBUG -fdata-sections -ffunction-sections -DMICROPY_ROM_TEXT_COMPRESSION=1 -c -MD -MF build/py/parse.d -o build/py/parse.o ../../lib/micropython/py/parse.c || (echo -e "See \033[1;31mhttps://github.com/micropython/micropython/wiki/Build-Troubleshooting\033[0m"; false)
CC ../../lib/micropython/py/scope.c
arm-none-eabi-gcc -I. -I../../lib/micropython -Ibuild -Wall -Werror -std=c99 -mthumb -mcpu=cortex-m3  -flto -g   -Os -DNDEBUG -fdata-sections -ffunction-sections -DMICROPY_ROM_TEXT_COMPRESSION=1 -c -MD -MF build/py/scope.d -o build/py/scope.o ../../lib/micropython/py/scope.c || (echo -e "See \033[1;31mhttps://github.com/micropython/micropython/wiki/Build-Troubleshooting\033[0m"; false)
CC ../../lib/micropython/py/compile.c
arm-none-eabi-gcc -I. -I../../lib/micropython -Ibuild -Wall -Werror -std=c99 -mthumb -mcpu=cortex-m3  -flto -g   -Os -DNDEBUG -fdata-sections -ffunction-sections -DMICROPY_ROM_TEXT_COMPRESSION=1 -c -MD -MF build/py/compile.d -o build/py/compile.o ../../lib/micropython/py/compile.c || (echo -e "See \033[1;31mhttps://github.com/micropython/micropython/wiki/Build-Troubleshooting\033[0m"; false)
CC ../../lib/micropython/py/emitcommon.c
arm-none-eabi-gcc -I. -I../../lib/micropython -Ibuild -Wall -Werror -std=c99 -mthumb -mcpu=cortex-m3  -flto -g   -Os -DNDEBUG -fdata-sections -ffunction-sections -DMICROPY_ROM_TEXT_COMPRESSION=1 -c -MD -MF build/py/emitcommon.d -o build/py/emitcommon.o ../../lib/micropython/py/emitcommon.c || (echo -e "See \033[1;31mhttps://github.com/micropython/micropython/wiki/Build-Troubleshooting\033[0m"; false)
CC ../../lib/micropython/py/emitbc.c
arm-none-eabi-gcc -I. -I../../lib/micropython -Ibuild -Wall -Werror -std=c99 -mthumb -mcpu=cortex-m3  -flto -g   -Os -DNDEBUG -fdata-sections -ffunction-sections -DMICROPY_ROM_TEXT_COMPRESSION=1 -c -MD -MF build/py/emitbc.d -o build/py/emitbc.o ../../lib/micropython/py/emitbc.c || (echo -e "See \033[1;31mhttps://github.com/micropython/micropython/wiki/Build-Troubleshooting\033[0m"; false)
CC ../../lib/micropython/py/asmbase.c
arm-none-eabi-gcc -I. -I../../lib/micropython -Ibuild -Wall -Werror -std=c99 -mthumb -mcpu=cortex-m3  -flto -g   -Os -DNDEBUG -fdata-sections -ffunction-sections -DMICROPY_ROM_TEXT_COMPRESSION=1 -c -MD -MF build/py/asmbase.d -o build/py/asmbase.o ../../lib/micropython/py/asmbase.c || (echo -e "See \033[1;31mhttps://github.com/micropython/micropython/wiki/Build-Troubleshooting\033[0m"; false)
CC ../../lib/micropython/py/asmx64.c
arm-none-eabi-gcc -I. -I../../lib/micropython -Ibuild -Wall -Werror -std=c99 -mthumb -mcpu=cortex-m3  -flto -g   -Os -DNDEBUG -fdata-sections -ffunction-sections -DMICROPY_ROM_TEXT_COMPRESSION=1 -c -MD -MF build/py/asmx64.d -o build/py/asmx64.o ../../lib/micropython/py/asmx64.c || (echo -e "See \033[1;31mhttps://github.com/micropython/micropython/wiki/Build-Troubleshooting\033[0m"; false)
CC ../../lib/micropython/py/emitnx64.c
arm-none-eabi-gcc -I. -I../../lib/micropython -Ibuild -Wall -Werror -std=c99 -mthumb -mcpu=cortex-m3  -flto -g   -Os -DNDEBUG -fdata-sections -ffunction-sections -DMICROPY_ROM_TEXT_COMPRESSION=1 -c -MD -MF build/py/emitnx64.d -o build/py/emitnx64.o ../../lib/micropython/py/emitnx64.c || (echo -e "See \033[1;31mhttps://github.com/micropython/micropython/wiki/Build-Troubleshooting\033[0m"; false)
CC ../../lib/micropython/py/asmx86.c
arm-none-eabi-gcc -I. -I../../lib/micropython -Ibuild -Wall -Werror -std=c99 -mthumb -mcpu=cortex-m3  -flto -g   -Os -DNDEBUG -fdata-sections -ffunction-sections -DMICROPY_ROM_TEXT_COMPRESSION=1 -c -MD -MF build/py/asmx86.d -o build/py/asmx86.o ../../lib/micropython/py/asmx86.c || (echo -e "See \033[1;31mhttps://github.com/micropython/micropython/wiki/Build-Troubleshooting\033[0m"; false)
CC ../../lib/micropython/py/emitnx86.c
arm-none-eabi-gcc -I. -I../../lib/micropython -Ibuild -Wall -Werror -std=c99 -mthumb -mcpu=cortex-m3  -flto -g   -Os -DNDEBUG -fdata-sections -ffunction-sections -DMICROPY_ROM_TEXT_COMPRESSION=1 -c -MD -MF build/py/emitnx86.d -o build/py/emitnx86.o ../../lib/micropython/py/emitnx86.c || (echo -e "See \033[1;31mhttps://github.com/micropython/micropython/wiki/Build-Troubleshooting\033[0m"; false)
CC ../../lib/micropython/py/asmthumb.c
arm-none-eabi-gcc -I. -I../../lib/micropython -Ibuild -Wall -Werror -std=c99 -mthumb -mcpu=cortex-m3  -flto -g   -Os -DNDEBUG -fdata-sections -ffunction-sections -DMICROPY_ROM_TEXT_COMPRESSION=1 -c -MD -MF build/py/asmthumb.d -o build/py/asmthumb.o ../../lib/micropython/py/asmthumb.c || (echo -e "See \033[1;31mhttps://github.com/micropython/micropython/wiki/Build-Troubleshooting\033[0m"; false)
CC ../../lib/micropython/py/emitnthumb.c
arm-none-eabi-gcc -I. -I../../lib/micropython -Ibuild -Wall -Werror -std=c99 -mthumb -mcpu=cortex-m3  -flto -g   -Os -DNDEBUG -fdata-sections -ffunction-sections -DMICROPY_ROM_TEXT_COMPRESSION=1 -c -MD -MF build/py/emitnthumb.d -o build/py/emitnthumb.o ../../lib/micropython/py/emitnthumb.c || (echo -e "See \033[1;31mhttps://github.com/micropython/micropython/wiki/Build-Troubleshooting\033[0m"; false)
CC ../../lib/micropython/py/emitinlinethumb.c
arm-none-eabi-gcc -I. -I../../lib/micropython -Ibuild -Wall -Werror -std=c99 -mthumb -mcpu=cortex-m3  -flto -g   -Os -DNDEBUG -fdata-sections -ffunction-sections -DMICROPY_ROM_TEXT_COMPRESSION=1 -c -MD -MF build/py/emitinlinethumb.d -o build/py/emitinlinethumb.o ../../lib/micropython/py/emitinlinethumb.c || (echo -e "See \033[1;31mhttps://github.com/micropython/micropython/wiki/Build-Troubleshooting\033[0m"; false)
CC ../../lib/micropython/py/asmarm.c
arm-none-eabi-gcc -I. -I../../lib/micropython -Ibuild -Wall -Werror -std=c99 -mthumb -mcpu=cortex-m3  -flto -g   -Os -DNDEBUG -fdata-sections -ffunction-sections -DMICROPY_ROM_TEXT_COMPRESSION=1 -c -MD -MF build/py/asmarm.d -o build/py/asmarm.o ../../lib/micropython/py/asmarm.c || (echo -e "See \033[1;31mhttps://github.com/micropython/micropython/wiki/Build-Troubleshooting\033[0m"; false)
CC ../../lib/micropython/py/emitnarm.c
arm-none-eabi-gcc -I. -I../../lib/micropython -Ibuild -Wall -Werror -std=c99 -mthumb -mcpu=cortex-m3  -flto -g   -Os -DNDEBUG -fdata-sections -ffunction-sections -DMICROPY_ROM_TEXT_COMPRESSION=1 -c -MD -MF build/py/emitnarm.d -o build/py/emitnarm.o ../../lib/micropython/py/emitnarm.c || (echo -e "See \033[1;31mhttps://github.com/micropython/micropython/wiki/Build-Troubleshooting\033[0m"; false)
CC ../../lib/micropython/py/asmxtensa.c
arm-none-eabi-gcc -I. -I../../lib/micropython -Ibuild -Wall -Werror -std=c99 -mthumb -mcpu=cortex-m3  -flto -g   -Os -DNDEBUG -fdata-sections -ffunction-sections -DMICROPY_ROM_TEXT_COMPRESSION=1 -c -MD -MF build/py/asmxtensa.d -o build/py/asmxtensa.o ../../lib/micropython/py/asmxtensa.c || (echo -e "See \033[1;31mhttps://github.com/micropython/micropython/wiki/Build-Troubleshooting\033[0m"; false)
CC ../../lib/micropython/py/emitnxtensa.c
arm-none-eabi-gcc -I. -I../../lib/micropython -Ibuild -Wall -Werror -std=c99 -mthumb -mcpu=cortex-m3  -flto -g   -Os -DNDEBUG -fdata-sections -ffunction-sections -DMICROPY_ROM_TEXT_COMPRESSION=1 -c -MD -MF build/py/emitnxtensa.d -o build/py/emitnxtensa.o ../../lib/micropython/py/emitnxtensa.c || (echo -e "See \033[1;31mhttps://github.com/micropython/micropython/wiki/Build-Troubleshooting\033[0m"; false)
CC ../../lib/micropython/py/emitinlinextensa.c
arm-none-eabi-gcc -I. -I../../lib/micropython -Ibuild -Wall -Werror -std=c99 -mthumb -mcpu=cortex-m3  -flto -g   -Os -DNDEBUG -fdata-sections -ffunction-sections -DMICROPY_ROM_TEXT_COMPRESSION=1 -c -MD -MF build/py/emitinlinextensa.d -o build/py/emitinlinextensa.o ../../lib/micropython/py/emitinlinextensa.c || (echo -e "See \033[1;31mhttps://github.com/micropython/micropython/wiki/Build-Troubleshooting\033[0m"; false)
CC ../../lib/micropython/py/emitnxtensawin.c
arm-none-eabi-gcc -I. -I../../lib/micropython -Ibuild -Wall -Werror -std=c99 -mthumb -mcpu=cortex-m3  -flto -g   -Os -DNDEBUG -fdata-sections -ffunction-sections -DMICROPY_ROM_TEXT_COMPRESSION=1 -c -MD -MF build/py/emitnxtensawin.d -o build/py/emitnxtensawin.o ../../lib/micropython/py/emitnxtensawin.c || (echo -e "See \033[1;31mhttps://github.com/micropython/micropython/wiki/Build-Troubleshooting\033[0m"; false)
CC ../../lib/micropython/py/asmrv32.c
arm-none-eabi-gcc -I. -I../../lib/micropython -Ibuild -Wall -Werror -std=c99 -mthumb -mcpu=cortex-m3  -flto -g   -Os -DNDEBUG -fdata-sections -ffunction-sections -DMICROPY_ROM_TEXT_COMPRESSION=1 -c -MD -MF build/py/asmrv32.d -o build/py/asmrv32.o ../../lib/micropython/py/asmrv32.c || (echo -e "See \033[1;31mhttps://github.com/micropython/micropython/wiki/Build-Troubleshooting\033[0m"; false)
CC ../../lib/micropython/py/emitnrv32.c
arm-none-eabi-gcc -I. -I../../lib/micropython -Ibuild -Wall -Werror -std=c99 -mthumb -mcpu=cortex-m3  -flto -g   -Os -DNDEBUG -fdata-sections -ffunction-sections -DMICROPY_ROM_TEXT_COMPRESSION=1 -c -MD -MF build/py/emitnrv32.d -o build/py/emitnrv32.o ../../lib/micropython/py/emitnrv32.c || (echo -e "See \033[1;31mhttps://github.com/micropython/micropython/wiki/Build-Troubleshooting\033[0m"; false)
CC ../../lib/micropython/py/emitinlinerv32.c
arm-none-eabi-gcc -I. -I../../lib/micropython -Ibuild -Wall -Werror -std=c99 -mthumb -mcpu=cortex-m3  -flto -g   -Os -DNDEBUG -fdata-sections -ffunction-sections -DMICROPY_ROM_TEXT_COMPRESSION=1 -c -MD -MF build/py/emitinlinerv32.d -o build/py/emitinlinerv32.o ../../lib/micropython/py/emitinlinerv32.c || (echo -e "See \033[1;31mhttps://github.com/micropython/micropython/wiki/Build-Troubleshooting\033[0m"; false)
CC ../../lib/micropython/py/emitndebug.c
arm-none-eabi-gcc -I. -I../../lib/micropython -Ibuild -Wall -Werror -std=c99 -mthumb -mcpu=cortex-m3  -flto -g   -Os -DNDEBUG -fdata-sections -ffunction-sections -DMICROPY_ROM_TEXT_COMPRESSION=1 -c -MD -MF build/py/emitndebug.d -o build/py/emitndebug.o ../../lib/micropython/py/emitndebug.c || (echo -e "See \033[1;31mhttps://github.com/micropython/micropython/wiki/Build-Troubleshooting\033[0m"; false)
CC ../../lib/micropython/py/formatfloat.c
arm-none-eabi-gcc -I. -I../../lib/micropython -Ibuild -Wall -Werror -std=c99 -mthumb -mcpu=cortex-m3  -flto -g   -Os -DNDEBUG -fdata-sections -ffunction-sections -DMICROPY_ROM_TEXT_COMPRESSION=1 -c -MD -MF build/py/formatfloat.d -o build/py/formatfloat.o ../../lib/micropython/py/formatfloat.c || (echo -e "See \033[1;31mhttps://github.com/micropython/micropython/wiki/Build-Troubleshooting\033[0m"; false)
CC ../../lib/micropython/py/parsenumbase.c
arm-none-eabi-gcc -I. -I../../lib/micropython -Ibuild -Wall -Werror -std=c99 -mthumb -mcpu=cortex-m3  -flto -g   -Os -DNDEBUG -fdata-sections -ffunction-sections -DMICROPY_ROM_TEXT_COMPRESSION=1 -c -MD -MF build/py/parsenumbase.d -o build/py/parsenumbase.o ../../lib/micropython/py/parsenumbase.c || (echo -e "See \033[1;31mhttps://github.com/micropython/micropython/wiki/Build-Troubleshooting\033[0m"; false)
CC ../../lib/micropython/py/parsenum.c
arm-none-eabi-gcc -I. -I../../lib/micropython -Ibuild -Wall -Werror -std=c99 -mthumb -mcpu=cortex-m3  -flto -g   -Os -DNDEBUG -fdata-sections -ffunction-sections -DMICROPY_ROM_TEXT_COMPRESSION=1 -c -MD -MF build/py/parsenum.d -o build/py/parsenum.o ../../lib/micropython/py/parsenum.c || (echo -e "See \033[1;31mhttps://github.com/micropython/micropython/wiki/Build-Troubleshooting\033[0m"; false)
CC ../../lib/micropython/py/emitglue.c
arm-none-eabi-gcc -I. -I../../lib/micropython -Ibuild -Wall -Werror -std=c99 -mthumb -mcpu=cortex-m3  -flto -g   -Os -DNDEBUG -fdata-sections -ffunction-sections -DMICROPY_ROM_TEXT_COMPRESSION=1 -c -MD -MF build/py/emitglue.d -o build/py/emitglue.o ../../lib/micropython/py/emitglue.c || (echo -e "See \033[1;31mhttps://github.com/micropython/micropython/wiki/Build-Troubleshooting\033[0m"; false)
CC ../../lib/micropython/py/persistentcode.c
arm-none-eabi-gcc -I. -I../../lib/micropython -Ibuild -Wall -Werror -std=c99 -mthumb -mcpu=cortex-m3  -flto -g   -Os -DNDEBUG -fdata-sections -ffunction-sections -DMICROPY_ROM_TEXT_COMPRESSION=1 -c -MD -MF build/py/persistentcode.d -o build/py/persistentcode.o ../../lib/micropython/py/persistentcode.c || (echo -e "See \033[1;31mhttps://github.com/micropython/micropython/wiki/Build-Troubleshooting\033[0m"; false)
CC ../../lib/micropython/py/runtime.c
arm-none-eabi-gcc -I. -I../../lib/micropython -Ibuild -Wall -Werror -std=c99 -mthumb -mcpu=cortex-m3  -flto -g   -Os -DNDEBUG -fdata-sections -ffunction-sections -DMICROPY_ROM_TEXT_COMPRESSION=1 -c -MD -MF build/py/runtime.d -o build/py/runtime.o ../../lib/micropython/py/runtime.c || (echo -e "See \033[1;31mhttps://github.com/micropython/micropython/wiki/Build-Troubleshooting\033[0m"; false)
CC ../../lib/micropython/py/runtime_utils.c
arm-none-eabi-gcc -I. -I../../lib/micropython -Ibuild -Wall -Werror -std=c99 -mthumb -mcpu=cortex-m3  -flto -g   -Os -DNDEBUG -fdata-sections -ffunction-sections -DMICROPY_ROM_TEXT_COMPRESSION=1 -c -MD -MF build/py/runtime_utils.d -o build/py/runtime_utils.o ../../lib/micropython/py/runtime_utils.c || (echo -e "See \033[1;31mhttps://github.com/micropython/micropython/wiki/Build-Troubleshooting\033[0m"; false)
CC ../../lib/micropython/py/scheduler.c
arm-none-eabi-gcc -I. -I../../lib/micropython -Ibuild -Wall -Werror -std=c99 -mthumb -mcpu=cortex-m3  -flto -g   -Os -DNDEBUG -fdata-sections -ffunction-sections -DMICROPY_ROM_TEXT_COMPRESSION=1 -c -MD -MF build/py/scheduler.d -o build/py/scheduler.o ../../lib/micropython/py/scheduler.c || (echo -e "See \033[1;31mhttps://github.com/micropython/micropython/wiki/Build-Troubleshooting\033[0m"; false)
CC ../../lib/micropython/py/nativeglue.c
arm-none-eabi-gcc -I. -I../../lib/micropython -Ibuild -Wall -Werror -std=c99 -mthumb -mcpu=cortex-m3  -flto -g   -Os -DNDEBUG -fdata-sections -ffunction-sections -DMICROPY_ROM_TEXT_COMPRESSION=1 -c -MD -MF build/py/nativeglue.d -o build/py/nativeglue.o ../../lib/micropython/py/nativeglue.c || (echo -e "See \033[1;31mhttps://github.com/micropython/micropython/wiki/Build-Troubleshooting\033[0m"; false)
CC ../../lib/micropython/py/pairheap.c
arm-none-eabi-gcc -I. -I../../lib/micropython -Ibuild -Wall -Werror -std=c99 -mthumb -mcpu=cortex-m3  -flto -g   -Os -DNDEBUG -fdata-sections -ffunction-sections -DMICROPY_ROM_TEXT_COMPRESSION=1 -c -MD -MF build/py/pairheap.d -o build/py/pairheap.o ../../lib/micropython/py/pairheap.c || (echo -e "See \033[1;31mhttps://github.com/micropython/micropython/wiki/Build-Troubleshooting\033[0m"; false)
CC ../../lib/micropython/py/ringbuf.c
arm-none-eabi-gcc -I. -I../../lib/micropython -Ibuild -Wall -Werror -std=c99 -mthumb -mcpu=cortex-m3  -flto -g   -Os -DNDEBUG -fdata-sections -ffunction-sections -DMICROPY_ROM_TEXT_COMPRESSION=1 -c -MD -MF build/py/ringbuf.d -o build/py/ringbuf.o ../../lib/micropython/py/ringbuf.c || (echo -e "See \033[1;31mhttps://github.com/micropython/micropython/wiki/Build-Troubleshooting\033[0m"; false)
CC ../../lib/micropython/py/cstack.c
arm-none-eabi-gcc -I. -I../../lib/micropython -Ibuild -Wall -Werror -std=c99 -mthumb -mcpu=cortex-m3  -flto -g   -Os -DNDEBUG -fdata-sections -ffunction-sections -DMICROPY_ROM_TEXT_COMPRESSION=1 -c -MD -MF build/py/cstack.d -o build/py/cstack.o ../../lib/micropython/py/cstack.c || (echo -e "See \033[1;31mhttps://github.com/micropython/micropython/wiki/Build-Troubleshooting\033[0m"; false)
CC ../../lib/micropython/py/stackctrl.c
arm-none-eabi-gcc -I. -I../../lib/micropython -Ibuild -Wall -Werror -std=c99 -mthumb -mcpu=cortex-m3  -flto -g   -Os -DNDEBUG -fdata-sections -ffunction-sections -DMICROPY_ROM_TEXT_COMPRESSION=1 -c -MD -MF build/py/stackctrl.d -o build/py/stackctrl.o ../../lib/micropython/py/stackctrl.c || (echo -e "See \033[1;31mhttps://github.com/micropython/micropython/wiki/Build-Troubleshooting\033[0m"; false)
CC ../../lib/micropython/py/argcheck.c
arm-none-eabi-gcc -I. -I../../lib/micropython -Ibuild -Wall -Werror -std=c99 -mthumb -mcpu=cortex-m3  -flto -g   -Os -DNDEBUG -fdata-sections -ffunction-sections -DMICROPY_ROM_TEXT_COMPRESSION=1 -c -MD -MF build/py/argcheck.d -o build/py/argcheck.o ../../lib/micropython/py/argcheck.c || (echo -e "See \033[1;31mhttps://github.com/micropython/micropython/wiki/Build-Troubleshooting\033[0m"; false)
CC ../../lib/micropython/py/warning.c
arm-none-eabi-gcc -I. -I../../lib/micropython -Ibuild -Wall -Werror -std=c99 -mthumb -mcpu=cortex-m3  -flto -g   -Os -DNDEBUG -fdata-sections -ffunction-sections -DMICROPY_ROM_TEXT_COMPRESSION=1 -c -MD -MF build/py/warning.d -o build/py/warning.o ../../lib/micropython/py/warning.c || (echo -e "See \033[1;31mhttps://github.com/micropython/micropython/wiki/Build-Troubleshooting\033[0m"; false)
CC ../../lib/micropython/py/profile.c
arm-none-eabi-gcc -I. -I../../lib/micropython -Ibuild -Wall -Werror -std=c99 -mthumb -mcpu=cortex-m3  -flto -g   -Os -DNDEBUG -fdata-sections -ffunction-sections -DMICROPY_ROM_TEXT_COMPRESSION=1 -c -MD -MF build/py/profile.d -o build/py/profile.o ../../lib/micropython/py/profile.c || (echo -e "See \033[1;31mhttps://github.com/micropython/micropython/wiki/Build-Troubleshooting\033[0m"; false)
CC ../../lib/micropython/py/map.c
arm-none-eabi-gcc -I. -I../../lib/micropython -Ibuild -Wall -Werror -std=c99 -mthumb -mcpu=cortex-m3  -flto -g   -Os -DNDEBUG -fdata-sections -ffunction-sections -DMICROPY_ROM_TEXT_COMPRESSION=1 -c -MD -MF build/py/map.d -o build/py/map.o ../../lib/micropython/py/map.c || (echo -e "See \033[1;31mhttps://github.com/micropython/micropython/wiki/Build-Troubleshooting\033[0m"; false)
CC ../../lib/micropython/py/obj.c
arm-none-eabi-gcc -I. -I../../lib/micropython -Ibuild -Wall -Werror -std=c99 -mthumb -mcpu=cortex-m3  -flto -g   -Os -DNDEBUG -fdata-sections -ffunction-sections -DMICROPY_ROM_TEXT_COMPRESSION=1 -c -MD -MF build/py/obj.d -o build/py/obj.o ../../lib/micropython/py/obj.c || (echo -e "See \033[1;31mhttps://github.com/micropython/micropython/wiki/Build-Troubleshooting\033[0m"; false)
CC ../../lib/micropython/py/objarray.c
arm-none-eabi-gcc -I. -I../../lib/micropython -Ibuild -Wall -Werror -std=c99 -mthumb -mcpu=cortex-m3  -flto -g   -Os -DNDEBUG -fdata-sections -ffunction-sections -DMICROPY_ROM_TEXT_COMPRESSION=1 -c -MD -MF build/py/objarray.d -o build/py/objarray.o ../../lib/micropython/py/objarray.c || (echo -e "See \033[1;31mhttps://github.com/micropython/micropython/wiki/Build-Troubleshooting\033[0m"; false)
CC ../../lib/micropython/py/objattrtuple.c
arm-none-eabi-gcc -I. -I../../lib/micropython -Ibuild -Wall -Werror -std=c99 -mthumb -mcpu=cortex-m3  -flto -g   -Os -DNDEBUG -fdata-sections -ffunction-sections -DMICROPY_ROM_TEXT_COMPRESSION=1 -c -MD -MF build/py/objattrtuple.d -o build/py/objattrtuple.o ../../lib/micropython/py/objattrtuple.c || (echo -e "See \033[1;31mhttps://github.com/micropython/micropython/wiki/Build-Troubleshooting\033[0m"; false)
CC ../../lib/micropython/py/objbool.c
arm-none-eabi-gcc -I. -I../../lib/micropython -Ibuild -Wall -Werror -std=c99 -mthumb -mcpu=cortex-m3  -flto -g   -Os -DNDEBUG -fdata-sections -ffunction-sections -DMICROPY_ROM_TEXT_COMPRESSION=1 -c -MD -MF build/py/objbool.d -o build/py/objbool.o ../../lib/micropython/py/objbool.c || (echo -e "See \033[1;31mhttps://github.com/micropython/micropython/wiki/Build-Troubleshooting\033[0m"; false)
CC ../../lib/micropython/py/objboundmeth.c
arm-none-eabi-gcc -I. -I../../lib/micropython -Ibuild -Wall -Werror -std=c99 -mthumb -mcpu=cortex-m3  -flto -g   -Os -DNDEBUG -fdata-sections -ffunction-sections -DMICROPY_ROM_TEXT_COMPRESSION=1 -c -MD -MF build/py/objboundmeth.d -o build/py/objboundmeth.o ../../lib/micropython/py/objboundmeth.c || (echo -e "See \033[1;31mhttps://github.com/micropython/micropython/wiki/Build-Troubleshooting\033[0m"; false)
CC ../../lib/micropython/py/objcell.c
arm-none-eabi-gcc -I. -I../../lib/micropython -Ibuild -Wall -Werror -std=c99 -mthumb -mcpu=cortex-m3  -flto -g   -Os -DNDEBUG -fdata-sections -ffunction-sections -DMICROPY_ROM_TEXT_COMPRESSION=1 -c -MD -MF build/py/objcell.d -o build/py/objcell.o ../../lib/micropython/py/objcell.c || (echo -e "See \033[1;31mhttps://github.com/micropython/micropython/wiki/Build-Troubleshooting\033[0m"; false)
CC ../../lib/micropython/py/objclosure.c
arm-none-eabi-gcc -I. -I../../lib/micropython -Ibuild -Wall -Werror -std=c99 -mthumb -mcpu=cortex-m3  -flto -g   -Os -DNDEBUG -fdata-sections -ffunction-sections -DMICROPY_ROM_TEXT_COMPRESSION=1 -c -MD -MF build/py/objclosure.d -o build/py/objclosure.o ../../lib/micropython/py/objclosure.c || (echo -e "See \033[1;31mhttps://github.com/micropython/micropython/wiki/Build-Troubleshooting\033[0m"; false)
CC ../../lib/micropython/py/objcode.c
arm-none-eabi-gcc -I. -I../../lib/micropython -Ibuild -Wall -Werror -std=c99 -mthumb -mcpu=cortex-m3  -flto -g   -Os -DNDEBUG -fdata-sections -ffunction-sections -DMICROPY_ROM_TEXT_COMPRESSION=1 -c -MD -MF build/py/objcode.d -o build/py/objcode.o ../../lib/micropython/py/objcode.c || (echo -e "See \033[1;31mhttps://github.com/micropython/micropython/wiki/Build-Troubleshooting\033[0m"; false)
CC ../../lib/micropython/py/objcomplex.c
arm-none-eabi-gcc -I. -I../../lib/micropython -Ibuild -Wall -Werror -std=c99 -mthumb -mcpu=cortex-m3  -flto -g   -Os -DNDEBUG -fdata-sections -ffunction-sections -DMICROPY_ROM_TEXT_COMPRESSION=1 -c -MD -MF build/py/objcomplex.d -o build/py/objcomplex.o ../../lib/micropython/py/objcomplex.c || (echo -e "See \033[1;31mhttps://github.com/micropython/micropython/wiki/Build-Troubleshooting\033[0m"; false)
CC ../../lib/micropython/py/objdeque.c
arm-none-eabi-gcc -I. -I../../lib/micropython -Ibuild -Wall -Werror -std=c99 -mthumb -mcpu=cortex-m3  -flto -g   -Os -DNDEBUG -fdata-sections -ffunction-sections -DMICROPY_ROM_TEXT_COMPRESSION=1 -c -MD -MF build/py/objdeque.d -o build/py/objdeque.o ../../lib/micropython/py/objdeque.c || (echo -e "See \033[1;31mhttps://github.com/micropython/micropython/wiki/Build-Troubleshooting\033[0m"; false)
CC ../../lib/micropython/py/objdict.c
arm-none-eabi-gcc -I. -I../../lib/micropython -Ibuild -Wall -Werror -std=c99 -mthumb -mcpu=cortex-m3  -flto -g   -Os -DNDEBUG -fdata-sections -ffunction-sections -DMICROPY_ROM_TEXT_COMPRESSION=1 -c -MD -MF build/py/objdict.d -o build/py/objdict.o ../../lib/micropython/py/objdict.c || (echo -e "See \033[1;31mhttps://github.com/micropython/micropython/wiki/Build-Troubleshooting\033[0m"; false)
CC ../../lib/micropython/py/objenumerate.c
arm-none-eabi-gcc -I. -I../../lib/micropython -Ibuild -Wall -Werror -std=c99 -mthumb -mcpu=cortex-m3  -flto -g   -Os -DNDEBUG -fdata-sections -ffunction-sections -DMICROPY_ROM_TEXT_COMPRESSION=1 -c -MD -MF build/py/objenumerate.d -o build/py/objenumerate.o ../../lib/micropython/py/objenumerate.c || (echo -e "See \033[1;31mhttps://github.com/micropython/micropython/wiki/Build-Troubleshooting\033[0m"; false)
CC ../../lib/micropython/py/objexcept.c
arm-none-eabi-gcc -I. -I../../lib/micropython -Ibuild -Wall -Werror -std=c99 -mthumb -mcpu=cortex-m3  -flto -g   -Os -DNDEBUG -fdata-sections -ffunction-sections -DMICROPY_ROM_TEXT_COMPRESSION=1 -c -MD -MF build/py/objexcept.d -o build/py/objexcept.o ../../lib/micropython/py/objexcept.c || (echo -e "See \033[1;31mhttps://github.com/micropython/micropython/wiki/Build-Troubleshooting\033[0m"; false)
CC ../../lib/micropython/py/objfilter.c
arm-none-eabi-gcc -I. -I../../lib/micropython -Ibuild -Wall -Werror -std=c99 -mthumb -mcpu=cortex-m3  -flto -g   -Os -DNDEBUG -fdata-sections -ffunction-sections -DMICROPY_ROM_TEXT_COMPRESSION=1 -c -MD -MF build/py/objfilter.d -o build/py/objfilter.o ../../lib/micropython/py/objfilter.c || (echo -e "See \033[1;31mhttps://github.com/micropython/micropython/wiki/Build-Troubleshooting\033[0m"; false)
CC ../../lib/micropython/py/objfloat.c
arm-none-eabi-gcc -I. -I../../lib/micropython -Ibuild -Wall -Werror -std=c99 -mthumb -mcpu=cortex-m3  -flto -g   -Os -DNDEBUG -fdata-sections -ffunction-sections -DMICROPY_ROM_TEXT_COMPRESSION=1 -c -MD -MF build/py/objfloat.d -o build/py/objfloat.o ../../lib/micropython/py/objfloat.c || (echo -e "See \033[1;31mhttps://github.com/micropython/micropython/wiki/Build-Troubleshooting\033[0m"; false)
CC ../../lib/micropython/py/objfun.c
arm-none-eabi-gcc -I. -I../../lib/micropython -Ibuild -Wall -Werror -std=c99 -mthumb -mcpu=cortex-m3  -flto -g   -Os -DNDEBUG -fdata-sections -ffunction-sections -DMICROPY_ROM_TEXT_COMPRESSION=1 -c -MD -MF build/py/objfun.d -o build/py/objfun.o ../../lib/micropython/py/objfun.c || (echo -e "See \033[1;31mhttps://github.com/micropython/micropython/wiki/Build-Troubleshooting\033[0m"; false)
CC ../../lib/micropython/py/objgenerator.c
arm-none-eabi-gcc -I. -I../../lib/micropython -Ibuild -Wall -Werror -std=c99 -mthumb -mcpu=cortex-m3  -flto -g   -Os -DNDEBUG -fdata-sections -ffunction-sections -DMICROPY_ROM_TEXT_COMPRESSION=1 -c -MD -MF build/py/objgenerator.d -o build/py/objgenerator.o ../../lib/micropython/py/objgenerator.c || (echo -e "See \033[1;31mhttps://github.com/micropython/micropython/wiki/Build-Troubleshooting\033[0m"; false)
CC ../../lib/micropython/py/objgetitemiter.c
arm-none-eabi-gcc -I. -I../../lib/micropython -Ibuild -Wall -Werror -std=c99 -mthumb -mcpu=cortex-m3  -flto -g   -Os -DNDEBUG -fdata-sections -ffunction-sections -DMICROPY_ROM_TEXT_COMPRESSION=1 -c -MD -MF build/py/objgetitemiter.d -o build/py/objgetitemiter.o ../../lib/micropython/py/objgetitemiter.c || (echo -e "See \033[1;31mhttps://github.com/micropython/micropython/wiki/Build-Troubleshooting\033[0m"; false)
CC ../../lib/micropython/py/objint.c
arm-none-eabi-gcc -I. -I../../lib/micropython -Ibuild -Wall -Werror -std=c99 -mthumb -mcpu=cortex-m3  -flto -g   -Os -DNDEBUG -fdata-sections -ffunction-sections -DMICROPY_ROM_TEXT_COMPRESSION=1 -c -MD -MF build/py/objint.d -o build/py/objint.o ../../lib/micropython/py/objint.c || (echo -e "See \033[1;31mhttps://github.com/micropython/micropython/wiki/Build-Troubleshooting\033[0m"; false)
CC ../../lib/micropython/py/objint_longlong.c
arm-none-eabi-gcc -I. -I../../lib/micropython -Ibuild -Wall -Werror -std=c99 -mthumb -mcpu=cortex-m3  -flto -g   -Os -DNDEBUG -fdata-sections -ffunction-sections -DMICROPY_ROM_TEXT_COMPRESSION=1 -c -MD -MF build/py/objint_longlong.d -o build/py/objint_longlong.o ../../lib/micropython/py/objint_longlong.c || (echo -e "See \033[1;31mhttps://github.com/micropython/micropython/wiki/Build-Troubleshooting\033[0m"; false)
CC ../../lib/micropython/py/objint_mpz.c
arm-none-eabi-gcc -I. -I../../lib/micropython -Ibuild -Wall -Werror -std=c99 -mthumb -mcpu=cortex-m3  -flto -g   -Os -DNDEBUG -fdata-sections -ffunction-sections -DMICROPY_ROM_TEXT_COMPRESSION=1 -c -MD -MF build/py/objint_mpz.d -o build/py/objint_mpz.o ../../lib/micropython/py/objint_mpz.c || (echo -e "See \033[1;31mhttps://github.com/micropython/micropython/wiki/Build-Troubleshooting\033[0m"; false)
CC ../../lib/micropython/py/objlist.c
arm-none-eabi-gcc -I. -I../../lib/micropython -Ibuild -Wall -Werror -std=c99 -mthumb -mcpu=cortex-m3  -flto -g   -Os -DNDEBUG -fdata-sections -ffunction-sections -DMICROPY_ROM_TEXT_COMPRESSION=1 -c -MD -MF build/py/objlist.d -o build/py/objlist.o ../../lib/micropython/py/objlist.c || (echo -e "See \033[1;31mhttps://github.com/micropython/micropython/wiki/Build-Troubleshooting\033[0m"; false)
CC ../../lib/micropython/py/objmap.c
arm-none-eabi-gcc -I. -I../../lib/micropython -Ibuild -Wall -Werror -std=c99 -mthumb -mcpu=cortex-m3  -flto -g   -Os -DNDEBUG -fdata-sections -ffunction-sections -DMICROPY_ROM_TEXT_COMPRESSION=1 -c -MD -MF build/py/objmap.d -o build/py/objmap.o ../../lib/micropython/py/objmap.c || (echo -e "See \033[1;31mhttps://github.com/micropython/micropython/wiki/Build-Troubleshooting\033[0m"; false)
CC ../../lib/micropython/py/objmodule.c
arm-none-eabi-gcc -I. -I../../lib/micropython -Ibuild -Wall -Werror -std=c99 -mthumb -mcpu=cortex-m3  -flto -g   -Os -DNDEBUG -fdata-sections -ffunction-sections -DMICROPY_ROM_TEXT_COMPRESSION=1 -c -MD -MF build/py/objmodule.d -o build/py/objmodule.o ../../lib/micropython/py/objmodule.c || (echo -e "See \033[1;31mhttps://github.com/micropython/micropython/wiki/Build-Troubleshooting\033[0m"; false)
CC ../../lib/micropython/py/objobject.c
arm-none-eabi-gcc -I. -I../../lib/micropython -Ibuild -Wall -Werror -std=c99 -mthumb -mcpu=cortex-m3  -flto -g   -Os -DNDEBUG -fdata-sections -ffunction-sections -DMICROPY_ROM_TEXT_COMPRESSION=1 -c -MD -MF build/py/objobject.d -o build/py/objobject.o ../../lib/micropython/py/objobject.c || (echo -e "See \033[1;31mhttps://github.com/micropython/micropython/wiki/Build-Troubleshooting\033[0m"; false)
CC ../../lib/micropython/py/objpolyiter.c
arm-none-eabi-gcc -I. -I../../lib/micropython -Ibuild -Wall -Werror -std=c99 -mthumb -mcpu=cortex-m3  -flto -g   -Os -DNDEBUG -fdata-sections -ffunction-sections -DMICROPY_ROM_TEXT_COMPRESSION=1 -c -MD -MF build/py/objpolyiter.d -o build/py/objpolyiter.o ../../lib/micropython/py/objpolyiter.c || (echo -e "See \033[1;31mhttps://github.com/micropython/micropython/wiki/Build-Troubleshooting\033[0m"; false)
CC ../../lib/micropython/py/objproperty.c
arm-none-eabi-gcc -I. -I../../lib/micropython -Ibuild -Wall -Werror -std=c99 -mthumb -mcpu=cortex-m3  -flto -g   -Os -DNDEBUG -fdata-sections -ffunction-sections -DMICROPY_ROM_TEXT_COMPRESSION=1 -c -MD -MF build/py/objproperty.d -o build/py/objproperty.o ../../lib/micropython/py/objproperty.c || (echo -e "See \033[1;31mhttps://github.com/micropython/micropython/wiki/Build-Troubleshooting\033[0m"; false)
CC ../../lib/micropython/py/objnone.c
arm-none-eabi-gcc -I. -I../../lib/micropython -Ibuild -Wall -Werror -std=c99 -mthumb -mcpu=cortex-m3  -flto -g   -Os -DNDEBUG -fdata-sections -ffunction-sections -DMICROPY_ROM_TEXT_COMPRESSION=1 -c -MD -MF build/py/objnone.d -o build/py/objnone.o ../../lib/micropython/py/objnone.c || (echo -e "See \033[1;31mhttps://github.com/micropython/micropython/wiki/Build-Troubleshooting\033[0m"; false)
CC ../../lib/micropython/py/objnamedtuple.c
arm-none-eabi-gcc -I. -I../../lib/micropython -Ibuild -Wall -Werror -std=c99 -mthumb -mcpu=cortex-m3  -flto -g   -Os -DNDEBUG -fdata-sections -ffunction-sections -DMICROPY_ROM_TEXT_COMPRESSION=1 -c -MD -MF build/py/objnamedtuple.d -o build/py/objnamedtuple.o ../../lib/micropython/py/objnamedtuple.c || (echo -e "See \033[1;31mhttps://github.com/micropython/micropython/wiki/Build-Troubleshooting\033[0m"; false)
CC ../../lib/micropython/py/objrange.c
arm-none-eabi-gcc -I. -I../../lib/micropython -Ibuild -Wall -Werror -std=c99 -mthumb -mcpu=cortex-m3  -flto -g   -Os -DNDEBUG -fdata-sections -ffunction-sections -DMICROPY_ROM_TEXT_COMPRESSION=1 -c -MD -MF build/py/objrange.d -o build/py/objrange.o ../../lib/micropython/py/objrange.c || (echo -e "See \033[1;31mhttps://github.com/micropython/micropython/wiki/Build-Troubleshooting\033[0m"; false)
CC ../../lib/micropython/py/objreversed.c
arm-none-eabi-gcc -I. -I../../lib/micropython -Ibuild -Wall -Werror -std=c99 -mthumb -mcpu=cortex-m3  -flto -g   -Os -DNDEBUG -fdata-sections -ffunction-sections -DMICROPY_ROM_TEXT_COMPRESSION=1 -c -MD -MF build/py/objreversed.d -o build/py/objreversed.o ../../lib/micropython/py/objreversed.c || (echo -e "See \033[1;31mhttps://github.com/micropython/micropython/wiki/Build-Troubleshooting\033[0m"; false)
CC ../../lib/micropython/py/objringio.c
arm-none-eabi-gcc -I. -I../../lib/micropython -Ibuild -Wall -Werror -std=c99 -mthumb -mcpu=cortex-m3  -flto -g   -Os -DNDEBUG -fdata-sections -ffunction-sections -DMICROPY_ROM_TEXT_COMPRESSION=1 -c -MD -MF build/py/objringio.d -o build/py/objringio.o ../../lib/micropython/py/objringio.c || (echo -e "See \033[1;31mhttps://github.com/micropython/micropython/wiki/Build-Troubleshooting\033[0m"; false)
CC ../../lib/micropython/py/objset.c
arm-none-eabi-gcc -I. -I../../lib/micropython -Ibuild -Wall -Werror -std=c99 -mthumb -mcpu=cortex-m3  -flto -g   -Os -DNDEBUG -fdata-sections -ffunction-sections -DMICROPY_ROM_TEXT_COMPRESSION=1 -c -MD -MF build/py/objset.d -o build/py/objset.o ../../lib/micropython/py/objset.c || (echo -e "See \033[1;31mhttps://github.com/micropython/micropython/wiki/Build-Troubleshooting\033[0m"; false)
CC ../../lib/micropython/py/objsingleton.c
arm-none-eabi-gcc -I. -I../../lib/micropython -Ibuild -Wall -Werror -std=c99 -mthumb -mcpu=cortex-m3  -flto -g   -Os -DNDEBUG -fdata-sections -ffunction-sections -DMICROPY_ROM_TEXT_COMPRESSION=1 -c -MD -MF build/py/objsingleton.d -o build/py/objsingleton.o ../../lib/micropython/py/objsingleton.c || (echo -e "See \033[1;31mhttps://github.com/micropython/micropython/wiki/Build-Troubleshooting\033[0m"; false)
CC ../../lib/micropython/py/objslice.c
arm-none-eabi-gcc -I. -I../../lib/micropython -Ibuild -Wall -Werror -std=c99 -mthumb -mcpu=cortex-m3  -flto -g   -Os -DNDEBUG -fdata-sections -ffunction-sections -DMICROPY_ROM_TEXT_COMPRESSION=1 -c -MD -MF build/py/objslice.d -o build/py/objslice.o ../../lib/micropython/py/objslice.c || (echo -e "See \033[1;31mhttps://github.com/micropython/micropython/wiki/Build-Troubleshooting\033[0m"; false)
CC ../../lib/micropython/py/objstr.c
arm-none-eabi-gcc -I. -I../../lib/micropython -Ibuild -Wall -Werror -std=c99 -mthumb -mcpu=cortex-m3  -flto -g   -Os -DNDEBUG -fdata-sections -ffunction-sections -DMICROPY_ROM_TEXT_COMPRESSION=1 -c -MD -MF build/py/objstr.d -o build/py/objstr.o ../../lib/micropython/py/objstr.c || (echo -e "See \033[1;31mhttps://github.com/micropython/micropython/wiki/Build-Troubleshooting\033[0m"; false)
CC ../../lib/micropython/py/objstrunicode.c
arm-none-eabi-gcc -I. -I../../lib/micropython -Ibuild -Wall -Werror -std=c99 -mthumb -mcpu=cortex-m3  -flto -g   -Os -DNDEBUG -fdata-sections -ffunction-sections -DMICROPY_ROM_TEXT_COMPRESSION=1 -c -MD -MF build/py/objstrunicode.d -o build/py/objstrunicode.o ../../lib/micropython/py/objstrunicode.c || (echo -e "See \033[1;31mhttps://github.com/micropython/micropython/wiki/Build-Troubleshooting\033[0m"; false)
CC ../../lib/micropython/py/objstringio.c
arm-none-eabi-gcc -I. -I../../lib/micropython -Ibuild -Wall -Werror -std=c99 -mthumb -mcpu=cortex-m3  -flto -g   -Os -DNDEBUG -fdata-sections -ffunction-sections -DMICROPY_ROM_TEXT_COMPRESSION=1 -c -MD -MF build/py/objstringio.d -o build/py/objstringio.o ../../lib/micropython/py/objstringio.c || (echo -e "See \033[1;31mhttps://github.com/micropython/micropython/wiki/Build-Troubleshooting\033[0m"; false)
CC ../../lib/micropython/py/objtuple.c
arm-none-eabi-gcc -I. -I../../lib/micropython -Ibuild -Wall -Werror -std=c99 -mthumb -mcpu=cortex-m3  -flto -g   -Os -DNDEBUG -fdata-sections -ffunction-sections -DMICROPY_ROM_TEXT_COMPRESSION=1 -c -MD -MF build/py/objtuple.d -o build/py/objtuple.o ../../lib/micropython/py/objtuple.c || (echo -e "See \033[1;31mhttps://github.com/micropython/micropython/wiki/Build-Troubleshooting\033[0m"; false)
CC ../../lib/micropython/py/objtype.c
arm-none-eabi-gcc -I. -I../../lib/micropython -Ibuild -Wall -Werror -std=c99 -mthumb -mcpu=cortex-m3  -flto -g   -Os -DNDEBUG -fdata-sections -ffunction-sections -DMICROPY_ROM_TEXT_COMPRESSION=1 -c -MD -MF build/py/objtype.d -o build/py/objtype.o ../../lib/micropython/py/objtype.c || (echo -e "See \033[1;31mhttps://github.com/micropython/micropython/wiki/Build-Troubleshooting\033[0m"; false)
CC ../../lib/micropython/py/objzip.c
arm-none-eabi-gcc -I. -I../../lib/micropython -Ibuild -Wall -Werror -std=c99 -mthumb -mcpu=cortex-m3  -flto -g   -Os -DNDEBUG -fdata-sections -ffunction-sections -DMICROPY_ROM_TEXT_COMPRESSION=1 -c -MD -MF build/py/objzip.d -o build/py/objzip.o ../../lib/micropython/py/objzip.c || (echo -e "See \033[1;31mhttps://github.com/micropython/micropython/wiki/Build-Troubleshooting\033[0m"; false)
CC ../../lib/micropython/py/opmethods.c
arm-none-eabi-gcc -I. -I../../lib/micropython -Ibuild -Wall -Werror -std=c99 -mthumb -mcpu=cortex-m3  -flto -g   -Os -DNDEBUG -fdata-sections -ffunction-sections -DMICROPY_ROM_TEXT_COMPRESSION=1 -c -MD -MF build/py/opmethods.d -o build/py/opmethods.o ../../lib/micropython/py/opmethods.c || (echo -e "See \033[1;31mhttps://github.com/micropython/micropython/wiki/Build-Troubleshooting\033[0m"; false)
CC ../../lib/micropython/py/sequence.c
arm-none-eabi-gcc -I. -I../../lib/micropython -Ibuild -Wall -Werror -std=c99 -mthumb -mcpu=cortex-m3  -flto -g   -Os -DNDEBUG -fdata-sections -ffunction-sections -DMICROPY_ROM_TEXT_COMPRESSION=1 -c -MD -MF build/py/sequence.d -o build/py/sequence.o ../../lib/micropython/py/sequence.c || (echo -e "See \033[1;31mhttps://github.com/micropython/micropython/wiki/Build-Troubleshooting\033[0m"; false)
CC ../../lib/micropython/py/stream.c
arm-none-eabi-gcc -I. -I../../lib/micropython -Ibuild -Wall -Werror -std=c99 -mthumb -mcpu=cortex-m3  -flto -g   -Os -DNDEBUG -fdata-sections -ffunction-sections -DMICROPY_ROM_TEXT_COMPRESSION=1 -c -MD -MF build/py/stream.d -o build/py/stream.o ../../lib/micropython/py/stream.c || (echo -e "See \033[1;31mhttps://github.com/micropython/micropython/wiki/Build-Troubleshooting\033[0m"; false)
CC ../../lib/micropython/py/binary.c
arm-none-eabi-gcc -I. -I../../lib/micropython -Ibuild -Wall -Werror -std=c99 -mthumb -mcpu=cortex-m3  -flto -g   -Os -DNDEBUG -fdata-sections -ffunction-sections -DMICROPY_ROM_TEXT_COMPRESSION=1 -c -MD -MF build/py/binary.d -o build/py/binary.o ../../lib/micropython/py/binary.c || (echo -e "See \033[1;31mhttps://github.com/micropython/micropython/wiki/Build-Troubleshooting\033[0m"; false)
CC ../../lib/micropython/py/builtinimport.c
arm-none-eabi-gcc -I. -I../../lib/micropython -Ibuild -Wall -Werror -std=c99 -mthumb -mcpu=cortex-m3  -flto -g   -Os -DNDEBUG -fdata-sections -ffunction-sections -DMICROPY_ROM_TEXT_COMPRESSION=1 -c -MD -MF build/py/builtinimport.d -o build/py/builtinimport.o ../../lib/micropython/py/builtinimport.c || (echo -e "See \033[1;31mhttps://github.com/micropython/micropython/wiki/Build-Troubleshooting\033[0m"; false)
CC ../../lib/micropython/py/builtinevex.c
arm-none-eabi-gcc -I. -I../../lib/micropython -Ibuild -Wall -Werror -std=c99 -mthumb -mcpu=cortex-m3  -flto -g   -Os -DNDEBUG -fdata-sections -ffunction-sections -DMICROPY_ROM_TEXT_COMPRESSION=1 -c -MD -MF build/py/builtinevex.d -o build/py/builtinevex.o ../../lib/micropython/py/builtinevex.c || (echo -e "See \033[1;31mhttps://github.com/micropython/micropython/wiki/Build-Troubleshooting\033[0m"; false)
CC ../../lib/micropython/py/builtinhelp.c
arm-none-eabi-gcc -I. -I../../lib/micropython -Ibuild -Wall -Werror -std=c99 -mthumb -mcpu=cortex-m3  -flto -g   -Os -DNDEBUG -fdata-sections -ffunction-sections -DMICROPY_ROM_TEXT_COMPRESSION=1 -c -MD -MF build/py/builtinhelp.d -o build/py/builtinhelp.o ../../lib/micropython/py/builtinhelp.c || (echo -e "See \033[1;31mhttps://github.com/micropython/micropython/wiki/Build-Troubleshooting\033[0m"; false)
CC ../../lib/micropython/py/modarray.c
arm-none-eabi-gcc -I. -I../../lib/micropython -Ibuild -Wall -Werror -std=c99 -mthumb -mcpu=cortex-m3  -flto -g   -Os -DNDEBUG -fdata-sections -ffunction-sections -DMICROPY_ROM_TEXT_COMPRESSION=1 -c -MD -MF build/py/modarray.d -o build/py/modarray.o ../../lib/micropython/py/modarray.c || (echo -e "See \033[1;31mhttps://github.com/micropython/micropython/wiki/Build-Troubleshooting\033[0m"; false)
CC ../../lib/micropython/py/modbuiltins.c
arm-none-eabi-gcc -I. -I../../lib/micropython -Ibuild -Wall -Werror -std=c99 -mthumb -mcpu=cortex-m3  -flto -g   -Os -DNDEBUG -fdata-sections -ffunction-sections -DMICROPY_ROM_TEXT_COMPRESSION=1 -c -MD -MF build/py/modbuiltins.d -o build/py/modbuiltins.o ../../lib/micropython/py/modbuiltins.c || (echo -e "See \033[1;31mhttps://github.com/micropython/micropython/wiki/Build-Troubleshooting\033[0m"; false)
CC ../../lib/micropython/py/modcollections.c
arm-none-eabi-gcc -I. -I../../lib/micropython -Ibuild -Wall -Werror -std=c99 -mthumb -mcpu=cortex-m3  -flto -g   -Os -DNDEBUG -fdata-sections -ffunction-sections -DMICROPY_ROM_TEXT_COMPRESSION=1 -c -MD -MF build/py/modcollections.d -o build/py/modcollections.o ../../lib/micropython/py/modcollections.c || (echo -e "See \033[1;31mhttps://github.com/micropython/micropython/wiki/Build-Troubleshooting\033[0m"; false)
CC ../../lib/micropython/py/modgc.c
arm-none-eabi-gcc -I. -I../../lib/micropython -Ibuild -Wall -Werror -std=c99 -mthumb -mcpu=cortex-m3  -flto -g   -Os -DNDEBUG -fdata-sections -ffunction-sections -DMICROPY_ROM_TEXT_COMPRESSION=1 -c -MD -MF build/py/modgc.d -o build/py/modgc.o ../../lib/micropython/py/modgc.c || (echo -e "See \033[1;31mhttps://github.com/micropython/micropython/wiki/Build-Troubleshooting\033[0m"; false)
CC ../../lib/micropython/py/modio.c
arm-none-eabi-gcc -I. -I../../lib/micropython -Ibuild -Wall -Werror -std=c99 -mthumb -mcpu=cortex-m3  -flto -g   -Os -DNDEBUG -fdata-sections -ffunction-sections -DMICROPY_ROM_TEXT_COMPRESSION=1 -c -MD -MF build/py/modio.d -o build/py/modio.o ../../lib/micropython/py/modio.c || (echo -e "See \033[1;31mhttps://github.com/micropython/micropython/wiki/Build-Troubleshooting\033[0m"; false)
CC ../../lib/micropython/py/modmath.c
arm-none-eabi-gcc -I. -I../../lib/micropython -Ibuild -Wall -Werror -std=c99 -mthumb -mcpu=cortex-m3  -flto -g   -Os -DNDEBUG -fdata-sections -ffunction-sections -DMICROPY_ROM_TEXT_COMPRESSION=1 -c -MD -MF build/py/modmath.d -o build/py/modmath.o ../../lib/micropython/py/modmath.c || (echo -e "See \033[1;31mhttps://github.com/micropython/micropython/wiki/Build-Troubleshooting\033[0m"; false)
CC ../../lib/micropython/py/modcmath.c
arm-none-eabi-gcc -I. -I../../lib/micropython -Ibuild -Wall -Werror -std=c99 -mthumb -mcpu=cortex-m3  -flto -g   -Os -DNDEBUG -fdata-sections -ffunction-sections -DMICROPY_ROM_TEXT_COMPRESSION=1 -c -MD -MF build/py/modcmath.d -o build/py/modcmath.o ../../lib/micropython/py/modcmath.c || (echo -e "See \033[1;31mhttps://github.com/micropython/micropython/wiki/Build-Troubleshooting\033[0m"; false)
CC ../../lib/micropython/py/modmicropython.c
arm-none-eabi-gcc -I. -I../../lib/micropython -Ibuild -Wall -Werror -std=c99 -mthumb -mcpu=cortex-m3  -flto -g   -Os -DNDEBUG -fdata-sections -ffunction-sections -DMICROPY_ROM_TEXT_COMPRESSION=1 -c -MD -MF build/py/modmicropython.d -o build/py/modmicropython.o ../../lib/micropython/py/modmicropython.c || (echo -e "See \033[1;31mhttps://github.com/micropython/micropython/wiki/Build-Troubleshooting\033[0m"; false)
CC ../../lib/micropython/py/modstruct.c
arm-none-eabi-gcc -I. -I../../lib/micropython -Ibuild -Wall -Werror -std=c99 -mthumb -mcpu=cortex-m3  -flto -g   -Os -DNDEBUG -fdata-sections -ffunction-sections -DMICROPY_ROM_TEXT_COMPRESSION=1 -c -MD -MF build/py/modstruct.d -o build/py/modstruct.o ../../lib/micropython/py/modstruct.c || (echo -e "See \033[1;31mhttps://github.com/micropython/micropython/wiki/Build-Troubleshooting\033[0m"; false)
CC ../../lib/micropython/py/modsys.c
arm-none-eabi-gcc -I. -I../../lib/micropython -Ibuild -Wall -Werror -std=c99 -mthumb -mcpu=cortex-m3  -flto -g   -Os -DNDEBUG -fdata-sections -ffunction-sections -DMICROPY_ROM_TEXT_COMPRESSION=1 -c -MD -MF build/py/modsys.d -o build/py/modsys.o ../../lib/micropython/py/modsys.c || (echo -e "See \033[1;31mhttps://github.com/micropython/micropython/wiki/Build-Troubleshooting\033[0m"; false)
CC ../../lib/micropython/py/moderrno.c
arm-none-eabi-gcc -I. -I../../lib/micropython -Ibuild -Wall -Werror -std=c99 -mthumb -mcpu=cortex-m3  -flto -g   -Os -DNDEBUG -fdata-sections -ffunction-sections -DMICROPY_ROM_TEXT_COMPRESSION=1 -c -MD -MF build/py/moderrno.d -o build/py/moderrno.o ../../lib/micropython/py/moderrno.c || (echo -e "See \033[1;31mhttps://github.com/micropython/micropython/wiki/Build-Troubleshooting\033[0m"; false)
CC ../../lib/micropython/py/modthread.c
arm-none-eabi-gcc -I. -I../../lib/micropython -Ibuild -Wall -Werror -std=c99 -mthumb -mcpu=cortex-m3  -flto -g   -Os -DNDEBUG -fdata-sections -ffunction-sections -DMICROPY_ROM_TEXT_COMPRESSION=1 -c -MD -MF build/py/modthread.d -o build/py/modthread.o ../../lib/micropython/py/modthread.c || (echo -e "See \033[1;31mhttps://github.com/micropython/micropython/wiki/Build-Troubleshooting\033[0m"; false)
CC ../../lib/micropython/py/vm.c
arm-none-eabi-gcc -I. -I../../lib/micropython -Ibuild -Wall -Werror -std=c99 -mthumb -mcpu=cortex-m3  -flto -g   -Os -DNDEBUG -fdata-sections -ffunction-sections -DMICROPY_ROM_TEXT_COMPRESSION=1 -O3 -c -MD -MF build/py/vm.d -o build/py/vm.o ../../lib/micropython/py/vm.c || (echo -e "See \033[1;31mhttps://github.com/micropython/micropython/wiki/Build-Troubleshooting\033[0m"; false)
CC ../../lib/micropython/py/bc.c
arm-none-eabi-gcc -I. -I../../lib/micropython -Ibuild -Wall -Werror -std=c99 -mthumb -mcpu=cortex-m3  -flto -g   -Os -DNDEBUG -fdata-sections -ffunction-sections -DMICROPY_ROM_TEXT_COMPRESSION=1 -c -MD -MF build/py/bc.d -o build/py/bc.o ../../lib/micropython/py/bc.c || (echo -e "See \033[1;31mhttps://github.com/micropython/micropython/wiki/Build-Troubleshooting\033[0m"; false)
CC ../../lib/micropython/py/showbc.c
arm-none-eabi-gcc -I. -I../../lib/micropython -Ibuild -Wall -Werror -std=c99 -mthumb -mcpu=cortex-m3  -flto -g   -Os -DNDEBUG -fdata-sections -ffunction-sections -DMICROPY_ROM_TEXT_COMPRESSION=1 -c -MD -MF build/py/showbc.d -o build/py/showbc.o ../../lib/micropython/py/showbc.c || (echo -e "See \033[1;31mhttps://github.com/micropython/micropython/wiki/Build-Troubleshooting\033[0m"; false)
CC ../../lib/micropython/py/repl.c
arm-none-eabi-gcc -I. -I../../lib/micropython -Ibuild -Wall -Werror -std=c99 -mthumb -mcpu=cortex-m3  -flto -g   -Os -DNDEBUG -fdata-sections -ffunction-sections -DMICROPY_ROM_TEXT_COMPRESSION=1 -c -MD -MF build/py/repl.d -o build/py/repl.o ../../lib/micropython/py/repl.c || (echo -e "See \033[1;31mhttps://github.com/micropython/micropython/wiki/Build-Troubleshooting\033[0m"; false)
CC ../../lib/micropython/py/smallint.c
arm-none-eabi-gcc -I. -I../../lib/micropython -Ibuild -Wall -Werror -std=c99 -mthumb -mcpu=cortex-m3  -flto -g   -Os -DNDEBUG -fdata-sections -ffunction-sections -DMICROPY_ROM_TEXT_COMPRESSION=1 -c -MD -MF build/py/smallint.d -o build/py/smallint.o ../../lib/micropython/py/smallint.c || (echo -e "See \033[1;31mhttps://github.com/micropython/micropython/wiki/Build-Troubleshooting\033[0m"; false)
CC ../../lib/micropython/py/frozenmod.c
arm-none-eabi-gcc -I. -I../../lib/micropython -Ibuild -Wall -Werror -std=c99 -mthumb -mcpu=cortex-m3  -flto -g   -Os -DNDEBUG -fdata-sections -ffunction-sections -DMICROPY_ROM_TEXT_COMPRESSION=1 -c -MD -MF build/py/frozenmod.d -o build/py/frozenmod.o ../../lib/micropython/py/frozenmod.c || (echo -e "See \033[1;31mhttps://github.com/micropython/micropython/wiki/Build-Troubleshooting\033[0m"; false)
CC main.c
arm-none-eabi-gcc -I. -I../../lib/micropython -Ibuild -Wall -Werror -std=c99 -mthumb -mcpu=cortex-m3  -flto -g   -Os -DNDEBUG -fdata-sections -ffunction-sections -DMICROPY_ROM_TEXT_COMPRESSION=1 -c -MD -MF build/main.d -o build/main.o main.c || (echo -e "See \033[1;31mhttps://github.com/micropython/micropython/wiki/Build-Troubleshooting\033[0m"; false)
CC mphalport.c
arm-none-eabi-gcc -I. -I../../lib/micropython -Ibuild -Wall -Werror -std=c99 -mthumb -mcpu=cortex-m3  -flto -g   -Os -DNDEBUG -fdata-sections -ffunction-sections -DMICROPY_ROM_TEXT_COMPRESSION=1 -c -MD -MF build/mphalport.d -o build/mphalport.o mphalport.c || (echo -e "See \033[1;31mhttps://github.com/micropython/micropython/wiki/Build-Troubleshooting\033[0m"; false)
CC uart.c
arm-none-eabi-gcc -I. -I../../lib/micropython -Ibuild -Wall -Werror -std=c99 -mthumb -mcpu=cortex-m3  -flto -g   -Os -DNDEBUG -fdata-sections -ffunction-sections -DMICROPY_ROM_TEXT_COMPRESSION=1 -c -MD -MF build/uart.d -o build/uart.o uart.c || (echo -e "See \033[1;31mhttps://github.com/micropython/micropython/wiki/Build-Troubleshooting\033[0m"; false)
CC ../../lib/micropython/shared/libc/printf.c
arm-none-eabi-gcc -I. -I../../lib/micropython -Ibuild -Wall -Werror -std=c99 -mthumb -mcpu=cortex-m3  -flto -g   -Os -DNDEBUG -fdata-sections -ffunction-sections -DMICROPY_ROM_TEXT_COMPRESSION=1 -c -MD -MF build/shared/libc/printf.d -o build/shared/libc/printf.o ../../lib/micropython/shared/libc/printf.c || (echo -e "See \033[1;31mhttps://github.com/micropython/micropython/wiki/Build-Troubleshooting\033[0m"; false)
CC ../../lib/micropython/shared/readline/readline.c
arm-none-eabi-gcc -I. -I../../lib/micropython -Ibuild -Wall -Werror -std=c99 -mthumb -mcpu=cortex-m3  -flto -g   -Os -DNDEBUG -fdata-sections -ffunction-sections -DMICROPY_ROM_TEXT_COMPRESSION=1 -c -MD -MF build/shared/readline/readline.d -o build/shared/readline/readline.o ../../lib/micropython/shared/readline/readline.c || (echo -e "See \033[1;31mhttps://github.com/micropython/micropython/wiki/Build-Troubleshooting\033[0m"; false)
CC ../../lib/micropython/shared/runtime/pyexec.c
arm-none-eabi-gcc -I. -I../../lib/micropython -Ibuild -Wall -Werror -std=c99 -mthumb -mcpu=cortex-m3  -flto -g   -Os -DNDEBUG -fdata-sections -ffunction-sections -DMICROPY_ROM_TEXT_COMPRESSION=1 -c -MD -MF build/shared/runtime/pyexec.d -o build/shared/runtime/pyexec.o ../../lib/micropython/shared/runtime/pyexec.c || (echo -e "See \033[1;31mhttps://github.com/micropython/micropython/wiki/Build-Troubleshooting\033[0m"; false)
CC ../../lib/micropython/shared/runtime/stdout_helpers.c
arm-none-eabi-gcc -I. -I../../lib/micropython -Ibuild -Wall -Werror -std=c99 -mthumb -mcpu=cortex-m3  -flto -g   -Os -DNDEBUG -fdata-sections -ffunction-sections -DMICROPY_ROM_TEXT_COMPRESSION=1 -c -MD -MF build/shared/runtime/stdout_helpers.d -o build/shared/runtime/stdout_helpers.o ../../lib/micropython/shared/runtime/stdout_helpers.c || (echo -e "See \033[1;31mhttps://github.com/micropython/micropython/wiki/Build-Troubleshooting\033[0m"; false)
LINK build/firmware.elf
arm-none-eabi-gcc -I. -I../../lib/micropython -Ibuild -Wall -Werror -std=c99 -mthumb -mcpu=cortex-m3  -flto -g   -Os -DNDEBUG -fdata-sections -ffunction-sections -DMICROPY_ROM_TEXT_COMPRESSION=1 -T tang_nano_4k.ld -Wl,-Map=build/firmware.elf.map,--cref,--gc-sections --specs=nosys.specs -flto -o build/firmware.elf build/py/mpstate.o build/py/nlr.o build/py/nlrx86.o build/py/nlrx64.o build/py/nlrthumb.o build/py/nlraarch64.o build/py/nlrmips.o build/py/nlrpowerpc.o build/py/nlrxtensa.o build/py/nlrrv32.o build/py/nlrrv64.o build/py/nlrsetjmp.o build/py/malloc.o build/py/gc.o build/py/pystack.o build/py/qstr.o build/py/vstr.o build/py/mpprint.o build/py/unicode.o build/py/mpz.o build/py/reader.o build/py/lexer.o build/py/parse.o build/py/scope.o build/py/compile.o build/py/emitcommon.o build/py/emitbc.o build/py/asmbase.o build/py/asmx64.o build/py/emitnx64.o build/py/asmx86.o build/py/emitnx86.o build/py/asmthumb.o build/py/emitnthumb.o build/py/emitinlinethumb.o build/py/asmarm.o build/py/emitnarm.o build/py/asmxtensa.o build/py/emitnxtensa.o build/py/emitinlinextensa.o build/py/emitnxtensawin.o build/py/asmrv32.o build/py/emitnrv32.o build/py/emitinlinerv32.o build/py/emitndebug.o build/py/formatfloat.o build/py/parsenumbase.o build/py/parsenum.o build/py/emitglue.o build/py/persistentcode.o build/py/runtime.o build/py/runtime_utils.o build/py/scheduler.o build/py/nativeglue.o build/py/pairheap.o build/py/ringbuf.o build/py/cstack.o build/py/stackctrl.o build/py/argcheck.o build/py/warning.o build/py/profile.o build/py/map.o build/py/obj.o build/py/objarray.o build/py/objattrtuple.o build/py/objbool.o build/py/objboundmeth.o build/py/objcell.o build/py/objclosure.o build/py/objcode.o build/py/objcomplex.o build/py/objdeque.o build/py/objdict.o build/py/objenumerate.o build/py/objexcept.o build/py/objfilter.o build/py/objfloat.o build/py/objfun.o build/py/objgenerator.o build/py/objgetitemiter.o build/py/objint.o build/py/objint_longlong.o build/py/objint_mpz.o build/py/objlist.o build/py/objmap.o build/py/objmodule.o build/py/objobject.o build/py/objpolyiter.o build/py/objproperty.o build/py/objnone.o build/py/objnamedtuple.o build/py/objrange.o build/py/objreversed.o build/py/objringio.o build/py/objset.o build/py/objsingleton.o build/py/objslice.o build/py/objstr.o build/py/objstrunicode.o build/py/objstringio.o build/py/objtuple.o build/py/objtype.o build/py/objzip.o build/py/opmethods.o build/py/sequence.o build/py/stream.o build/py/binary.o build/py/builtinimport.o build/py/builtinevex.o build/py/builtinhelp.o build/py/modarray.o build/py/modbuiltins.o build/py/modcollections.o build/py/modgc.o build/py/modio.o build/py/modmath.o build/py/modcmath.o build/py/modmicropython.o build/py/modstruct.o build/py/modsys.o build/py/moderrno.o build/py/modthread.o build/py/vm.o build/py/bc.o build/py/showbc.o build/py/repl.o build/py/smallint.o build/py/frozenmod.o build/main.o build/mphalport.o build/uart.o build/shared/libc/printf.o build/shared/readline/readline.o build/shared/runtime/pyexec.o build/shared/runtime/stdout_helpers.o
/usr/lib/gcc/arm-none-eabi/13.2.1/../../../arm-none-eabi/bin/ld: /usr/lib/gcc/arm-none-eabi/13.2.1/../../../arm-none-eabi/lib/thumb/v7-m/nofp/libg.a(libc_a-closer.o): in function `_close_r':
/build/newlib-38V0JC/newlib-4.4.0.20231231/build/arm-none-eabi/thumb/v7-m/nofp/newlib/../../../../../../newlib/libc/reent/closer.c:47:(.text+0xc): warning: _close is not implemented and will always fail
/usr/lib/gcc/arm-none-eabi/13.2.1/../../../arm-none-eabi/bin/ld: /usr/lib/gcc/arm-none-eabi/13.2.1/../../../arm-none-eabi/lib/thumb/v7-m/nofp/libg.a(libc_a-closer.o): note: the message above does not take linker garbage collection into account
/usr/lib/gcc/arm-none-eabi/13.2.1/../../../arm-none-eabi/bin/ld: /usr/lib/gcc/arm-none-eabi/13.2.1/../../../arm-none-eabi/lib/thumb/v7-m/nofp/libg.a(libc_a-lseekr.o): in function `_lseek_r':
/build/newlib-38V0JC/newlib-4.4.0.20231231/build/arm-none-eabi/thumb/v7-m/nofp/newlib/../../../../../../newlib/libc/reent/lseekr.c:49:(.text+0x14): warning: _lseek is not implemented and will always fail
/usr/lib/gcc/arm-none-eabi/13.2.1/../../../arm-none-eabi/bin/ld: /usr/lib/gcc/arm-none-eabi/13.2.1/../../../arm-none-eabi/lib/thumb/v7-m/nofp/libg.a(libc_a-lseekr.o): note: the message above does not take linker garbage collection into account
/usr/lib/gcc/arm-none-eabi/13.2.1/../../../arm-none-eabi/bin/ld: /usr/lib/gcc/arm-none-eabi/13.2.1/../../../arm-none-eabi/lib/thumb/v7-m/nofp/libg.a(libc_a-readr.o): in function `_read_r':
/build/newlib-38V0JC/newlib-4.4.0.20231231/build/arm-none-eabi/thumb/v7-m/nofp/newlib/../../../../../../newlib/libc/reent/readr.c:49:(.text+0x14): warning: _read is not implemented and will always fail
/usr/lib/gcc/arm-none-eabi/13.2.1/../../../arm-none-eabi/bin/ld: /usr/lib/gcc/arm-none-eabi/13.2.1/../../../arm-none-eabi/lib/thumb/v7-m/nofp/libg.a(libc_a-readr.o): note: the message above does not take linker garbage collection into account
/usr/lib/gcc/arm-none-eabi/13.2.1/../../../arm-none-eabi/bin/ld: /usr/lib/gcc/arm-none-eabi/13.2.1/../../../arm-none-eabi/lib/thumb/v7-m/nofp/libg.a(libc_a-writer.o): in function `_write_r':
/build/newlib-38V0JC/newlib-4.4.0.20231231/build/arm-none-eabi/thumb/v7-m/nofp/newlib/../../../../../../newlib/libc/reent/writer.c:49:(.text+0x14): warning: _write is not implemented and will always fail
/usr/lib/gcc/arm-none-eabi/13.2.1/../../../arm-none-eabi/bin/ld: /usr/lib/gcc/arm-none-eabi/13.2.1/../../../arm-none-eabi/lib/thumb/v7-m/nofp/libg.a(libc_a-writer.o): note: the message above does not take linker garbage collection into account
arm-none-eabi-size build/firmware.elf
   text	   data	    bss	    dec	    hex	filename
      8	      0	   2048	   2056	    808	build/firmware.elf
arm-none-eabi-objcopy -O binary build/firmware.elf build/firmware.bin
