CC ../../lib/micropython/py/objset.c
arm-none-eabi-gcc -I. -I../../lib/micropython -Ibuild -Wall -Werror -std=c99 -mthumb -mcpu=cortex-m3  -flto -g   -Os -DNDEBUG -fdata-sections -ffunction-sections -DMICROPY_ROM_TEXT_COMPRESSION=1 -c -MD -MF build/py/objset.d -o build/py/objset.o ../../lib/micropython/py/objset.c || (echo -e "See \033[1;31mhttps://github.com/micropython/micropython/wiki/Build-Troubleshooting\033[0m"; false)
CC ../../lib/micropython/py/objsingleton.c
arm-none-eabi-gcc -I. -I../../lib/micropython -Ibuild -Wall -Werror -std=c99 -mthumb -mcpu=cortex-m3  -flto -g   -Os -DNDEBUG -fdata-sections -ffunction-sections -DMICROPY_ROM_TEXT_COMPRESSION=1 -c -MD -MF build/py/objsingleton.d -o build/py/objsingleton.o ../../lib/micropython/py/objsingleton.c || (echo -e "See \033[1;31mhttps://github.com/micropython/micropython/wiki/Build-Troubleshooting\033[0m"; false)
CC ../../lib/micropython/py/objslice.c
arm-none-eabi-gcc -I. -I../../lib/micropython -Ibuild -Wall -Werror -std=c99 -mthumb -mcpu=cortex-m3  -flto -g   -Os -DNDEBUG -fdata-sections -ffunction-sections -DMICROPY_ROM_TEXT_COMPRESSION=1 -c -MD -MF build/py/objslice.d -o build/py/objslice.o ../../lib/micropython/py/objslice.c || (echo -e "See \033[1;31mhttps://github.com/micropython/micropython/wiki/Build-Troubleshooting\033[0m"; false)
CC ../../lib/micropython/py/objstr.c
arm-none-eabi-gcc -I. -I../../lib/micropython -Ibuild -Wall -Werror -std=c99 -mthumb -mcpu=cortex-m3  -flto -g   -Os -DNDEBUG -fdata-sections -ffunction-sections -DMICROPY_ROM_TEXT_COMPRESSION=1 -c -MD -MF build/py/objstr.d -o build/py/objstr.o ../../lib/micropython/py/objstr.c || (echo -e "See \033[1;31mhttps://github.com/micropython/micropython/wiki/Build-Troubleshooting\033[0m"; false)
CC ../../lib/micropython/py/objstrunicode.c
arm-none-eabi-gcc -I. -I../../lib/micropython -Ibuild -Wall -Werror -std=c99 -mthumb -mcpu=cortex-m3  -flto -g   -Os -DNDEBUG -fdata-sections -ffunction-sections -DMICROPY_ROM_TEXT_COMPRESSION=1 -c -MD -MF build/py/objstrunicode.d -o build/py/objstrunicode.o ../../lib/micropython/py/objstrunicode.c || (echo -e "See \033[1;31mhttps://github.com/micropython/micropython/wiki/Build-Troubleshooting\033[0m"; false)
CC ../../lib/micropython/py/objstringio.c
arm-none-eabi-gcc -I. -I../../lib/micropython -Ibuild -Wall -Werror -std=c99 -mthumb -mcpu=cortex-m3  -flto -g   -Os -DNDEBUG -fdata-sections -ffunction-sections -DMICROPY_ROM_TEXT_COMPRESSION=1 -c -MD -MF build/py/objstringio.d -o build/py/objstringio.o ../../lib/micropython/py/objstringio.c || (echo -e "See \033[1;31mhttps://github.com/micropython/micropython/wiki/Build-Troubleshooting\033[0m"; false)
CC ../../lib/micropython/py/objtuple.c
arm-none-eabi-gcc -I. -I../../lib/micropython -Ibuild -Wall -Werror -std=c99 -mthumb -mcpu=cortex-m3  -flto -g   -Os -DNDEBUG -fdata-sections -ffunction-sections -DMICROPY_ROM_TEXT_COMPRESSION=1 -c -MD -MF build/py/objtuple.d -o build/py/objtuple.o ../../lib/micropython/py/objtuple.c || (echo -e "See \033[1;31mhttps://github.com/micropython/micropython/wiki/Build-Troubleshooting\033[0m"; false)
CC ../../lib/micropython/py/objtype.c
arm-none-eabi-gcc -I. -I../../lib/micropython -Ibuild -Wall -Werror -std=c99 -mthumb -mcpu=cortex-m3  -flto -g   -Os -DNDEBUG -fdata-sections -ffunction-sections -DMICROPY_ROM_TEXT_COMPRESSION=1 -c -MD -MF build/py/objtype.d -o build/py/objtype.o ../../lib/micropython/py/objtype.c || (echo -e "See \033[1;31mhttps://github.com/micropython/micropython/wiki/Build-Troubleshooting\033[0m"; false)
CC ../../lib/micropython/py/objzip.c
arm-none-eabi-gcc -I. -I../../lib/micropython -Ibuild -Wall -Werror -std=c99 -mthumb -mcpu=cortex-m3  -flto -g   -Os -DNDEBUG -fdata-sections -ffunction-sections -DMICROPY_ROM_TEXT_COMPRESSION=1 -c -MD -MF build/py/objzip.d -o build/py/objzip.o ../../lib/micropython/py/objzip.c || (echo -e "See \033[1;31mhttps://github.com/micropython/micropython/wiki/Build-Troubleshooting\033[0m"; false)
CC ../../lib/micropython/py/opmethods.c
arm-none-eabi-gcc -I. -I../../lib/micropython -Ibuild -Wall -Werror -std=c99 -mthumb -mcpu=cortex-m3  -flto -g   -Os -DNDEBUG -fdata-sections -ffunction-sections -DMICROPY_ROM_TEXT_COMPRESSION=1 -c -MD -MF build/py/opmethods.d -o build/py/opmethods.o ../../lib/micropython/py/opmethods.c || (echo -e "See \033[1;31mhttps://github.com/micropython/micropython/wiki/Build-Troubleshooting\033[0m"; false)
CC ../../lib/micropython/py/sequence.c
arm-none-eabi-gcc -I. -I../../lib/micropython -Ibuild -Wall -Werror -std=c99 -mthumb -mcpu=cortex-m3  -flto -g   -Os -DNDEBUG -fdata-sections -ffunction-sections -DMICROPY_ROM_TEXT_COMPRESSION=1 -c -MD -MF build/py/sequence.d -o build/py/sequence.o ../../lib/micropython/py/sequence.c || (echo -e "See \033[1;31mhttps://github.com/micropython/micropython/wiki/Build-Troubleshooting\033[0m"; false)
CC ../../lib/micropython/py/stream.c
arm-none-eabi-gcc -I. -I../../lib/micropython -Ibuild -Wall -Werror -std=c99 -mthumb -mcpu=cortex-m3  -flto -g   -Os -DNDEBUG -fdata-sections -ffunction-sections -DMICROPY_ROM_TEXT_COMPRESSION=1 -c -MD -MF build/py/stream.d -o build/py/stream.o ../../lib/micropython/py/stream.c || (echo -e "See \033[1;31mhttps://github.com/micropython/micropython/wiki/Build-Troubleshooting\033[0m"; false)
CC ../../lib/micropython/py/binary.c
arm-none-eabi-gcc -I. -I../../lib/micropython -Ibuild -Wall -Werror -std=c99 -mthumb -mcpu=cortex-m3  -flto -g   -Os -DNDEBUG -fdata-sections -ffunction-sections -DMICROPY_ROM_TEXT_COMPRESSION=1 -c -MD -MF build/py/binary.d -o build/py/binary.o ../../lib/micropython/py/binary.c || (echo -e "See \033[1;31mhttps://github.com/micropython/micropython/wiki/Build-Troubleshooting\033[0m"; false)
CC ../../lib/micropython/py/builtinimport.c
arm-none-eabi-gcc -I. -I../../lib/micropython -Ibuild -Wall -Werror -std=c99 -mthumb -mcpu=cortex-m3  -flto -g   -Os -DNDEBUG -fdata-sections -ffunction-sections -DMICROPY_ROM_TEXT_COMPRESSION=1 -c -MD -MF build/py/builtinimport.d -o build/py/builtinimport.o ../../lib/micropython/py/builtinimport.c || (echo -e "See \033[1;31mhttps://github.com/micropython/micropython/wiki/Build-Troubleshooting\033[0m"; false)
CC ../../lib/micropython/py/builtinevex.c
arm-none-eabi-gcc -I. -I../../lib/micropython -Ibuild -Wall -Werror -std=c99 -mthumb -mcpu=cortex-m3  -flto -g   -Os -DNDEBUG -fdata-sections -ffunction-sections -DMICROPY_ROM_TEXT_COMPRESSION=1 -c -MD -MF build/py/builtinevex.d -o build/py/builtinevex.o ../../lib/micropython/py/builtinevex.c || (echo -e "See \033[1;31mhttps://github.com/micropython/micropython/wiki/Build-Troubleshooting\033[0m"; false)
CC ../../lib/micropython/py/builtinhelp.c
arm-none-eabi-gcc -I. -I../../lib/micropython -Ibuild -Wall -Werror -std=c99 -mthumb -mcpu=cortex-m3  -flto -g   -Os -DNDEBUG -fdata-sections -ffunction-sections -DMICROPY_ROM_TEXT_COMPRESSION=1 -c -MD -MF build/py/builtinhelp.d -o build/py/builtinhelp.o ../../lib/micropython/py/builtinhelp.c || (echo -e "See \033[1;31mhttps://github.com/micropython/micropython/wiki/Build-Troubleshooting\033[0m"; false)
CC ../../lib/micropython/py/modarray.c
arm-none-eabi-gcc -I. -I../../lib/micropython -Ibuild -Wall -Werror -std=c99 -mthumb -mcpu=cortex-m3  -flto -g   -Os -DNDEBUG -fdata-sections -ffunction-sections -DMICROPY_ROM_TEXT_COMPRESSION=1 -c -MD -MF build/py/modarray.d -o build/py/modarray.o ../../lib/micropython/py/modarray.c || (echo -e "See \033[1;31mhttps://github.com/micropython/micropython/wiki/Build-Troubleshooting\033[0m"; false)
CC ../../lib/micropython/py/modbuiltins.c
arm-none-eabi-gcc -I. -I../../lib/micropython -Ibuild -Wall -Werror -std=c99 -mthumb -mcpu=cortex-m3  -flto -g   -Os -DNDEBUG -fdata-sections -ffunction-sections -DMICROPY_ROM_TEXT_COMPRESSION=1 -c -MD -MF build/py/modbuiltins.d -o build/py/modbuiltins.o ../../lib/micropython/py/modbuiltins.c || (echo -e "See \033[1;31mhttps://github.com/micropython/micropython/wiki/Build-Troubleshooting\033[0m"; false)
CC ../../lib/micropython/py/modcollections.c
arm-none-eabi-gcc -I. -I../../lib/micropython -Ibuild -Wall -Werror -std=c99 -mthumb -mcpu=cortex-m3  -flto -g   -Os -DNDEBUG -fdata-sections -ffunction-sections -DMICROPY_ROM_TEXT_COMPRESSION=1 -c -MD -MF build/py/modcollections.d -o build/py/modcollections.o ../../lib/micropython/py/modcollections.c || (echo -e "See \033[1;31mhttps://github.com/micropython/micropython/wiki/Build-Troubleshooting\033[0m"; false)
CC ../../lib/micropython/py/modgc.c
arm-none-eabi-gcc -I. -I../../lib/micropython -Ibuild -Wall -Werror -std=c99 -mthumb -mcpu=cortex-m3  -flto -g   -Os -DNDEBUG -fdata-sections -ffunction-sections -DMICROPY_ROM_TEXT_COMPRESSION=1 -c -MD -MF build/py/modgc.d -o build/py/modgc.o ../../lib/micropython/py/modgc.c || (echo -e "See \033[1;31mhttps://github.com/micropython/micropython/wiki/Build-Troubleshooting\033[0m"; false)
CC ../../lib/micropython/py/modio.c
arm-none-eabi-gcc -I. -I../../lib/micropython -Ibuild -Wall -Werror -std=c99 -mthumb -mcpu=cortex-m3  -flto -g   -Os -DNDEBUG -fdata-sections -ffunction-sections -DMICROPY_ROM_TEXT_COMPRESSION=1 -c -MD -MF build/py/modio.d -o build/py/modio.o ../../lib/micropython/py/modio.c || (echo -e "See \033[1;31mhttps://github.com/micropython/micropython/wiki/Build-Troubleshooting\033[0m"; false)
CC ../../lib/micropython/py/modmath.c
arm-none-eabi-gcc -I. -I../../lib/micropython -Ibuild -Wall -Werror -std=c99 -mthumb -mcpu=cortex-m3  -flto -g   -Os -DNDEBUG -fdata-sections -ffunction-sections -DMICROPY_ROM_TEXT_COMPRESSION=1 -c -MD -MF build/py/modmath.d -o build/py/modmath.o ../../lib/micropython/py/modmath.c || (echo -e "See \033[1;31mhttps://github.com/micropython/micropython/wiki/Build-Troubleshooting\033[0m"; false)
CC ../../lib/micropython/py/modcmath.c
arm-none-eabi-gcc -I. -I../../lib/micropython -Ibuild -Wall -Werror -std=c99 -mthumb -mcpu=cortex-m3  -flto -g   -Os -DNDEBUG -fdata-sections -ffunction-sections -DMICROPY_ROM_TEXT_COMPRESSION=1 -c -MD -MF build/py/modcmath.d -o build/py/modcmath.o ../../lib/micropython/py/modcmath.c || (echo -e "See \033[1;31mhttps://github.com/micropython/micropython/wiki/Build-Troubleshooting\033[0m"; false)
CC ../../lib/micropython/py/modmicropython.c
arm-none-eabi-gcc -I. -I../../lib/micropython -Ibuild -Wall -Werror -std=c99 -mthumb -mcpu=cortex-m3  -flto -g   -Os -DNDEBUG -fdata-sections -ffunction-sections -DMICROPY_ROM_TEXT_COMPRESSION=1 -c -MD -MF build/py/modmicropython.d -o build/py/modmicropython.o ../../lib/micropython/py/modmicropython.c || (echo -e "See \033[1;31mhttps://github.com/micropython/micropython/wiki/Build-Troubleshooting\033[0m"; false)
CC ../../lib/micropython/py/modstruct.c
arm-none-eabi-gcc -I. -I../../lib/micropython -Ibuild -Wall -Werror -std=c99 -mthumb -mcpu=cortex-m3  -flto -g   -Os -DNDEBUG -fdata-sections -ffunction-sections -DMICROPY_ROM_TEXT_COMPRESSION=1 -c -MD -MF build/py/modstruct.d -o build/py/modstruct.o ../../lib/micropython/py/modstruct.c || (echo -e "See \033[1;31mhttps://github.com/micropython/micropython/wiki/Build-Troubleshooting\033[0m"; false)
CC ../../lib/micropython/py/modsys.c
arm-none-eabi-gcc -I. -I../../lib/micropython -Ibuild -Wall -Werror -std=c99 -mthumb -mcpu=cortex-m3  -flto -g   -Os -DNDEBUG -fdata-sections -ffunction-sections -DMICROPY_ROM_TEXT_COMPRESSION=1 -c -MD -MF build/py/modsys.d -o build/py/modsys.o ../../lib/micropython/py/modsys.c || (echo -e "See \033[1;31mhttps://github.com/micropython/micropython/wiki/Build-Troubleshooting\033[0m"; false)
CC ../../lib/micropython/py/moderrno.c
arm-none-eabi-gcc -I. -I../../lib/micropython -Ibuild -Wall -Werror -std=c99 -mthumb -mcpu=cortex-m3  -flto -g   -Os -DNDEBUG -fdata-sections -ffunction-sections -DMICROPY_ROM_TEXT_COMPRESSION=1 -c -MD -MF build/py/moderrno.d -o build/py/moderrno.o ../../lib/micropython/py/moderrno.c || (echo -e "See \033[1;31mhttps://github.com/micropython/micropython/wiki/Build-Troubleshooting\033[0m"; false)
CC ../../lib/micropython/py/modthread.c
arm-none-eabi-gcc -I. -I../../lib/micropython -Ibuild -Wall -Werror -std=c99 -mthumb -mcpu=cortex-m3  -flto -g   -Os -DNDEBUG -fdata-sections -ffunction-sections -DMICROPY_ROM_TEXT_COMPRESSION=1 -c -MD -MF build/py/modthread.d -o build/py/modthread.o ../../lib/micropython/py/modthread.c || (echo -e "See \033[1;31mhttps://github.com/micropython/micropython/wiki/Build-Troubleshooting\033[0m"; false)
CC ../../lib/micropython/py/vm.c
arm-none-eabi-gcc -I. -I../../lib/micropython -Ibuild -Wall -Werror -std=c99 -mthumb -mcpu=cortex-m3  -flto -g   -Os -DNDEBUG -fdata-sections -ffunction-sections -DMICROPY_ROM_TEXT_COMPRESSION=1 -O3 -c -MD -MF build/py/vm.d -o build/py/vm.o ../../lib/micropython/py/vm.c || (echo -e "See \033[1;31mhttps://github.com/micropython/micropython/wiki/Build-Troubleshooting\033[0m"; false)
CC ../../lib/micropython/py/bc.c
arm-none-eabi-gcc -I. -I../../lib/micropython -Ibuild -Wall -Werror -std=c99 -mthumb -mcpu=cortex-m3  -flto -g   -Os -DNDEBUG -fdata-sections -ffunction-sections -DMICROPY_ROM_TEXT_COMPRESSION=1 -c -MD -MF build/py/bc.d -o build/py/bc.o ../../lib/micropython/py/bc.c || (echo -e "See \033[1;31mhttps://github.com/micropython/micropython/wiki/Build-Troubleshooting\033[0m"; false)
CC ../../lib/micropython/py/showbc.c
arm-none-eabi-gcc -I. -I../../lib/micropython -Ibuild -Wall -Werror -std=c99 -mthumb -mcpu=cortex-m3  -flto -g   -Os -DNDEBUG -fdata-sections -ffunction-sections -DMICROPY_ROM_TEXT_COMPRESSION=1 -c -MD -MF build/py/showbc.d -o build/py/showbc.o ../../lib/micropython/py/showbc.c || (echo -e "See \033[1;31mhttps://github.com/micropython/micropython/wiki/Build-Troubleshooting\033[0m"; false)
CC ../../lib/micropython/py/repl.c
arm-none-eabi-gcc -I. -I../../lib/micropython -Ibuild -Wall -Werror -std=c99 -mthumb -mcpu=cortex-m3  -flto -g   -Os -DNDEBUG -fdata-sections -ffunction-sections -DMICROPY_ROM_TEXT_COMPRESSION=1 -c -MD -MF build/py/repl.d -o build/py/repl.o ../../lib/micropython/py/repl.c || (echo -e "See \033[1;31mhttps://github.com/micropython/micropython/wiki/Build-Troubleshooting\033[0m"; false)
CC ../../lib/micropython/py/smallint.c
arm-none-eabi-gcc -I. -I../../lib/micropython -Ibuild -Wall -Werror -std=c99 -mthumb -mcpu=cortex-m3  -flto -g   -Os -DNDEBUG -fdata-sections -ffunction-sections -DMICROPY_ROM_TEXT_COMPRESSION=1 -c -MD -MF build/py/smallint.d -o build/py/smallint.o ../../lib/micropython/py/smallint.c || (echo -e "See \033[1;31mhttps://github.com/micropython/micropython/wiki/Build-Troubleshooting\033[0m"; false)
CC ../../lib/micropython/py/frozenmod.c
arm-none-eabi-gcc -I. -I../../lib/micropython -Ibuild -Wall -Werror -std=c99 -mthumb -mcpu=cortex-m3  -flto -g   -Os -DNDEBUG -fdata-sections -ffunction-sections -DMICROPY_ROM_TEXT_COMPRESSION=1 -c -MD -MF build/py/frozenmod.d -o build/py/frozenmod.o ../../lib/micropython/py/frozenmod.c || (echo -e "See \033[1;31mhttps://github.com/micropython/micropython/wiki/Build-Troubleshooting\033[0m"; false)
CC main.c
arm-none-eabi-gcc -I. -I../../lib/micropython -Ibuild -Wall -Werror -std=c99 -mthumb -mcpu=cortex-m3  -flto -g   -Os -DNDEBUG -fdata-sections -ffunction-sections -DMICROPY_ROM_TEXT_COMPRESSION=1 -c -MD -MF build/main.d -o build/main.o main.c || (echo -e "See \033[1;31mhttps://github.com/micropython/micropython/wiki/Build-Troubleshooting\033[0m"; false)
CC mphalport.c
arm-none-eabi-gcc -I. -I../../lib/micropython -Ibuild -Wall -Werror -std=c99 -mthumb -mcpu=cortex-m3  -flto -g   -Os -DNDEBUG -fdata-sections -ffunction-sections -DMICROPY_ROM_TEXT_COMPRESSION=1 -c -MD -MF build/mphalport.d -o build/mphalport.o mphalport.c || (echo -e "See \033[1;31mhttps://github.com/micropython/micropython/wiki/Build-Troubleshooting\033[0m"; false)
CC uart.c
arm-none-eabi-gcc -I. -I../../lib/micropython -Ibuild -Wall -Werror -std=c99 -mthumb -mcpu=cortex-m3  -flto -g   -Os -DNDEBUG -fdata-sections -ffunction-sections -DMICROPY_ROM_TEXT_COMPRESSION=1 -c -MD -MF build/uart.d -o build/uart.o uart.c || (echo -e "See \033[1;31mhttps://github.com/micropython/micropython/wiki/Build-Troubleshooting\033[0m"; false)
CC ../../lib/micropython/shared/libc/printf.c
arm-none-eabi-gcc -I. -I../../lib/micropython -Ibuild -Wall -Werror -std=c99 -mthumb -mcpu=cortex-m3  -flto -g   -Os -DNDEBUG -fdata-sections -ffunction-sections -DMICROPY_ROM_TEXT_COMPRESSION=1 -c -MD -MF build/shared/libc/printf.d -o build/shared/libc/printf.o ../../lib/micropython/shared/libc/printf.c || (echo -e "See \033[1;31mhttps://github.com/micropython/micropython/wiki/Build-Troubleshooting\033[0m"; false)
CC ../../lib/micropython/shared/readline/readline.c
arm-none-eabi-gcc -I. -I../../lib/micropython -Ibuild -Wall -Werror -std=c99 -mthumb -mcpu=cortex-m3  -flto -g   -Os -DNDEBUG -fdata-sections -ffunction-sections -DMICROPY_ROM_TEXT_COMPRESSION=1 -c -MD -MF build/shared/readline/readline.d -o build/shared/readline/readline.o ../../lib/micropython/shared/readline/readline.c || (echo -e "See \033[1;31mhttps://github.com/micropython/micropython/wiki/Build-Troubleshooting\033[0m"; false)
CC ../../lib/micropython/shared/runtime/pyexec.c
arm-none-eabi-gcc -I. -I../../lib/micropython -Ibuild -Wall -Werror -std=c99 -mthumb -mcpu=cortex-m3  -flto -g   -Os -DNDEBUG -fdata-sections -ffunction-sections -DMICROPY_ROM_TEXT_COMPRESSION=1 -c -MD -MF build/shared/runtime/pyexec.d -o build/shared/runtime/pyexec.o ../../lib/micropython/shared/runtime/pyexec.c || (echo -e "See \033[1;31mhttps://github.com/micropython/micropython/wiki/Build-Troubleshooting\033[0m"; false)
CC ../../lib/micropython/shared/runtime/stdout_helpers.c
arm-none-eabi-gcc -I. -I../../lib/micropython -Ibuild -Wall -Werror -std=c99 -mthumb -mcpu=cortex-m3  -flto -g   -Os -DNDEBUG -fdata-sections -ffunction-sections -DMICROPY_ROM_TEXT_COMPRESSION=1 -c -MD -MF build/shared/runtime/stdout_helpers.d -o build/shared/runtime/stdout_helpers.o ../../lib/micropython/shared/runtime/stdout_helpers.c || (echo -e "See \033[1;31mhttps://github.com/micropython/micropython/wiki/Build-Troubleshooting\033[0m"; false)
LINK build/firmware.elf
arm-none-eabi-gcc -I. -I../../lib/micropython -Ibuild -Wall -Werror -std=c99 -mthumb -mcpu=cortex-m3  -flto -g   -Os -DNDEBUG -fdata-sections -ffunction-sections -DMICROPY_ROM_TEXT_COMPRESSION=1 -T tang_nano_4k.ld -Wl,-Map=build/firmware.elf.map,--cref,--gc-sections --specs=nosys.specs -flto -o build/firmware.elf build/py/mpstate.o build/py/nlr.o build/py/nlrx86.o build/py/nlrx64.o build/py/nlrthumb.o build/py/nlraarch64.o build/py/nlrmips.o build/py/nlrpowerpc.o build/py/nlrxtensa.o build/py/nlrrv32.o build/py/nlrrv64.o build/py/nlrsetjmp.o build/py/malloc.o build/py/gc.o build/py/pystack.o build/py/qstr.o build/py/vstr.o build/py/mpprint.o build/py/unicode.o build/py/mpz.o build/py/reader.o build/py/lexer.o build/py/parse.o build/py/scope.o build/py/compile.o build/py/emitcommon.o build/py/emitbc.o build/py/asmbase.o build/py/asmx64.o build/py/emitnx64.o build/py/asmx86.o build/py/emitnx86.o build/py/asmthumb.o build/py/emitnthumb.o build/py/emitinlinethumb.o build/py/asmarm.o build/py/emitnarm.o build/py/asmxtensa.o build/py/emitnxtensa.o build/py/emitinlinextensa.o build/py/emitnxtensawin.o build/py/asmrv32.o build/py/emitnrv32.o build/py/emitinlinerv32.o build/py/emitndebug.o build/py/formatfloat.o build/py/parsenumbase.o build/py/parsenum.o build/py/emitglue.o build/py/persistentcode.o build/py/runtime.o build/py/runtime_utils.o build/py/scheduler.o build/py/nativeglue.o build/py/pairheap.o build/py/ringbuf.o build/py/cstack.o build/py/stackctrl.o build/py/argcheck.o build/py/warning.o build/py/profile.o build/py/map.o build/py/obj.o build/py/objarray.o build/py/objattrtuple.o build/py/objbool.o build/py/objboundmeth.o build/py/objcell.o build/py/objclosure.o build/py/objcode.o build/py/objcomplex.o build/py/objdeque.o build/py/objdict.o build/py/objenumerate.o build/py/objexcept.o build/py/objfilter.o build/py/objfloat.o build/py/objfun.o build/py/objgenerator.o build/py/objgetitemiter.o build/py/objint.o build/py/objint_longlong.o build/py/objint_mpz.o build/py/objlist.o build/py/objmap.o build/py/objmodule.o build/py/objobject.o build/py/objpolyiter.o build/py/objproperty.o build/py/objnone.o build/py/objnamedtuple.o build/py/objrange.o build/py/objreversed.o build/py/objringio.o build/py/objset.o build/py/objsingleton.o build/py/objslice.o build/py/objstr.o build/py/objstrunicode.o build/py/objstringio.o build/py/objtuple.o build/py/objtype.o build/py/objzip.o build/py/opmethods.o build/py/sequence.o build/py/stream.o build/py/binary.o build/py/builtinimport.o build/py/builtinevex.o build/py/builtinhelp.o build/py/modarray.o build/py/modbuiltins.o build/py/modcollections.o build/py/modgc.o build/py/modio.o build/py/modmath.o build/py/modcmath.o build/py/modmicropython.o build/py/modstruct.o build/py/modsys.o build/py/moderrno.o build/py/modthread.o build/py/vm.o build/py/bc.o build/py/showbc.o build/py/repl.o build/py/smallint.o build/py/frozenmod.o build/main.o build/mphalport.o build/uart.o build/shared/libc/printf.o build/shared/readline/readline.o build/shared/runtime/pyexec.o build/shared/runtime/stdout_helpers.o
/usr/lib/gcc/arm-none-eabi/13.2.1/../../../arm-none-eabi/bin/ld: /usr/lib/gcc/arm-none-eabi/13.2.1/../../../arm-none-eabi/lib/thumb/v7-m/nofp/libg.a(libc_a-closer.o): in function `_close_r':
/build/newlib-38V0JC/newlib-4.4.0.20231231/build/arm-none-eabi/thumb/v7-m/nofp/newlib/../../../../../../newlib/libc/reent/closer.c:47:(.text+0xc): warning: _close is not implemented and will always fail
/usr/lib/gcc/arm-none-eabi/13.2.1/../../../arm-none-eabi/bin/ld: /usr/lib/gcc/arm-none-eabi/13.2.1/../../../arm-none-eabi/lib/thumb/v7-m/nofp/libg.a(libc_a-closer.o): note: the message above does not take linker garbage collection into account
/usr/lib/gcc/arm-none-eabi/13.2.1/../../../arm-none-eabi/bin/ld: /usr/lib/gcc/arm-none-eabi/13.2.1/../../../arm-none-eabi/lib/thumb/v7-m/nofp/libg.a(libc_a-lseekr.o): in function `_lseek_r':
/build/newlib-38V0JC/newlib-4.4.0.20231231/build/arm-none-eabi/thumb/v7-m/nofp/newlib/../../../../../../newlib/libc/reent/lseekr.c:49:(.text+0x14): warning: _lseek is not implemented and will always fail
/usr/lib/gcc/arm-none-eabi/13.2.1/../../../arm-none-eabi/bin/ld: /usr/lib/gcc/arm-none-eabi/13.2.1/../../../arm-none-eabi/lib/thumb/v7-m/nofp/libg.a(libc_a-lseekr.o): note: the message above does not take linker garbage collection into account
/usr/lib/gcc/arm-none-eabi/13.2.1/../../../arm-none-eabi/bin/ld: /usr/lib/gcc/arm-none-eabi/13.2.1/../../../arm-none-eabi/lib/thumb/v7-m/nofp/libg.a(libc_a-readr.o): in function `_read_r':
/build/newlib-38V0JC/newlib-4.4.0.20231231/build/arm-none-eabi/thumb/v7-m/nofp/newlib/../../../../../../newlib/libc/reent/readr.c:49:(.text+0x14): warning: _read is not implemented and will always fail
/usr/lib/gcc/arm-none-eabi/13.2.1/../../../arm-none-eabi/bin/ld: /usr/lib/gcc/arm-none-eabi/13.2.1/../../../arm-none-eabi/lib/thumb/v7-m/nofp/libg.a(libc_a-readr.o): note: the message above does not take linker garbage collection into account
/usr/lib/gcc/arm-none-eabi/13.2.1/../../../arm-none-eabi/bin/ld: /usr/lib/gcc/arm-none-eabi/13.2.1/../../../arm-none-eabi/lib/thumb/v7-m/nofp/libg.a(libc_a-writer.o): in function `_write_r':
/build/newlib-38V0JC/newlib-4.4.0.20231231/build/arm-none-eabi/thumb/v7-m/nofp/newlib/../../../../../../newlib/libc/reent/writer.c:49:(.text+0x14): warning: _write is not implemented and will always fail
/usr/lib/gcc/arm-none-eabi/13.2.1/../../../arm-none-eabi/bin/ld: /usr/lib/gcc/arm-none-eabi/13.2.1/../../../arm-none-eabi/lib/thumb/v7-m/nofp/libg.a(libc_a-writer.o): note: the message above does not take linker garbage collection into account
arm-none-eabi-size build/firmware.elf
   text	   data	    bss	    dec	    hex	filename
      8	      0	   2048	   2056	    808	build/firmware.elf
arm-none-eabi-objcopy -O binary build/firmware.elf build/firmware.bin
